2018-05-03 11:15:44,417 - INFO - Performing argument handling and setting defaults when necessary ...
2018-05-03 11:15:44,459 - INFO - The characteristic perturbation range parameter is set to default 200 bps based on CRISPRi/a perturbation ...
2018-05-03 11:15:44,459 - INFO - The limit parameter is set to default 300 bps based on CRISPRi/CRISPRa perturbation ...
2018-05-03 11:15:44,460 - INFO - The scale parameter is set to 20 based on the characteristic perturbation range parameter of 200 bp ...
2018-05-03 11:15:44,460 - INFO - The p adj. cut-off list is set to [0.05] ...
2018-05-03 11:15:44,460 - INFO - The gamma list parameter is set to [1.0, 2.0, 3.0, 4.0, 5.0, 6.0, 7.0, 8.0, 9.0, 10.0, 12.0, 14.0, 16.0, 18.0, 20.0, 30.0, 40.0, 50.0, 60.0, 70.0, 80.0, 100.0, 150.0, 200.0, 250.0, 300.0, 350.0, 400.0, 450.0, 500.0] based on the characteristic perturbation range parameter of 200 bps ...
2018-05-03 11:15:44,460 - INFO - Finished argument handling and setting defaults when necessary ...
2018-05-03 11:15:44,574 - INFO - Input sgRNA summary dataframe successfully loaded ...
2018-05-03 11:15:44,575 - INFO - Deconvolving CRISPR tiling screen signal for biological replicates ...
2018-05-03 11:15:44,577 - INFO - Deconvolving signal for Replicate 1
2018-05-03 11:15:49,686 - INFO - Deconvolving signal for Replicate 2
2018-05-03 11:15:54,675 - INFO - Deconvolving signal for Replicate 3
2018-05-03 11:15:59,590 - INFO - Successfully deconvolved all biological replicates ...
2018-05-03 11:15:59,607 - INFO - Identified gamma range to be used for downstream deconvolution statistics
2018-05-03 11:15:59,666 - INFO - Combined all biological replicates into single deconvolution profile for downstream statistics ...
2018-05-03 11:15:59,678 - INFO - Performing 10000 simulations to construct beta null distributions ...
2018-05-03 11:18:34,006 - INFO - Simulation 100 out of 10000 ...
2018-05-03 11:21:22,430 - INFO - Simulation 200 out of 10000 ...
2018-05-03 11:24:27,375 - INFO - Simulation 300 out of 10000 ...
2018-05-03 11:27:36,057 - INFO - Simulation 400 out of 10000 ...
2018-05-03 11:30:44,970 - INFO - Simulation 500 out of 10000 ...
2018-05-03 11:33:51,982 - INFO - Simulation 600 out of 10000 ...
2018-05-03 11:36:58,734 - INFO - Simulation 700 out of 10000 ...
2018-05-03 11:40:05,505 - INFO - Simulation 800 out of 10000 ...
2018-05-03 11:43:12,429 - INFO - Simulation 900 out of 10000 ...
2018-05-03 11:46:19,314 - INFO - Simulation 1000 out of 10000 ...
2018-05-03 11:49:26,186 - INFO - Simulation 1100 out of 10000 ...
2018-05-03 11:52:33,072 - INFO - Simulation 1200 out of 10000 ...
2018-05-03 11:55:39,992 - INFO - Simulation 1300 out of 10000 ...
2018-05-03 11:58:46,881 - INFO - Simulation 1400 out of 10000 ...
2018-05-03 12:01:53,976 - INFO - Simulation 1500 out of 10000 ...
2018-05-03 12:05:01,085 - INFO - Simulation 1600 out of 10000 ...
2018-05-03 12:08:08,377 - INFO - Simulation 1700 out of 10000 ...
2018-05-03 12:11:15,480 - INFO - Simulation 1800 out of 10000 ...
2018-05-03 12:14:22,463 - INFO - Simulation 1900 out of 10000 ...
2018-05-03 12:17:29,452 - INFO - Simulation 2000 out of 10000 ...
2018-05-03 12:20:36,559 - INFO - Simulation 2100 out of 10000 ...
2018-05-03 12:23:43,729 - INFO - Simulation 2200 out of 10000 ...
2018-05-03 12:26:50,833 - INFO - Simulation 2300 out of 10000 ...
2018-05-03 12:29:57,883 - INFO - Simulation 2400 out of 10000 ...
2018-05-03 12:33:04,923 - INFO - Simulation 2500 out of 10000 ...
2018-05-03 12:36:12,056 - INFO - Simulation 2600 out of 10000 ...
2018-05-03 12:39:19,414 - INFO - Simulation 2700 out of 10000 ...
2018-05-03 12:42:26,827 - INFO - Simulation 2800 out of 10000 ...
2018-05-03 12:45:34,084 - INFO - Simulation 2900 out of 10000 ...
2018-05-03 12:48:41,344 - INFO - Simulation 3000 out of 10000 ...
2018-05-03 12:51:48,591 - INFO - Simulation 3100 out of 10000 ...
2018-05-03 12:54:55,898 - INFO - Simulation 3200 out of 10000 ...
2018-05-03 12:58:03,208 - INFO - Simulation 3300 out of 10000 ...
2018-05-03 13:01:10,595 - INFO - Simulation 3400 out of 10000 ...
2018-05-03 13:04:18,020 - INFO - Simulation 3500 out of 10000 ...
2018-05-03 13:07:25,558 - INFO - Simulation 3600 out of 10000 ...
2018-05-03 13:10:33,105 - INFO - Simulation 3700 out of 10000 ...
2018-05-03 13:13:40,781 - INFO - Simulation 3800 out of 10000 ...
2018-05-03 13:16:48,526 - INFO - Simulation 3900 out of 10000 ...
2018-05-03 13:19:56,015 - INFO - Simulation 4000 out of 10000 ...
2018-05-03 13:23:03,859 - INFO - Simulation 4100 out of 10000 ...
2018-05-03 13:26:11,529 - INFO - Simulation 4200 out of 10000 ...
2018-05-03 13:29:19,303 - INFO - Simulation 4300 out of 10000 ...
2018-05-03 13:32:26,994 - INFO - Simulation 4400 out of 10000 ...
2018-05-03 13:35:34,716 - INFO - Simulation 4500 out of 10000 ...
2018-05-03 13:38:42,343 - INFO - Simulation 4600 out of 10000 ...
2018-05-03 13:41:50,060 - INFO - Simulation 4700 out of 10000 ...
2018-05-03 13:44:57,763 - INFO - Simulation 4800 out of 10000 ...
2018-05-03 13:48:05,756 - INFO - Simulation 4900 out of 10000 ...
2018-05-03 13:51:13,683 - INFO - Simulation 5000 out of 10000 ...
2018-05-03 13:54:21,579 - INFO - Simulation 5100 out of 10000 ...
2018-05-03 13:57:29,477 - INFO - Simulation 5200 out of 10000 ...
2018-05-03 14:00:37,447 - INFO - Simulation 5300 out of 10000 ...
2018-05-03 14:03:45,904 - INFO - Simulation 5400 out of 10000 ...
2018-05-03 14:06:53,334 - INFO - Simulation 5500 out of 10000 ...
2018-05-03 14:10:00,328 - INFO - Simulation 5600 out of 10000 ...
2018-05-03 14:13:06,834 - INFO - Simulation 5700 out of 10000 ...
2018-05-03 14:16:13,392 - INFO - Simulation 5800 out of 10000 ...
2018-05-03 14:19:19,951 - INFO - Simulation 5900 out of 10000 ...
2018-05-03 14:22:26,446 - INFO - Simulation 6000 out of 10000 ...
2018-05-03 14:25:33,189 - INFO - Simulation 6100 out of 10000 ...
2018-05-03 14:28:39,910 - INFO - Simulation 6200 out of 10000 ...
2018-05-03 14:31:46,403 - INFO - Simulation 6300 out of 10000 ...
2018-05-03 14:34:52,896 - INFO - Simulation 6400 out of 10000 ...
2018-05-03 14:37:59,398 - INFO - Simulation 6500 out of 10000 ...
2018-05-03 14:41:05,978 - INFO - Simulation 6600 out of 10000 ...
2018-05-03 14:44:13,207 - INFO - Simulation 6700 out of 10000 ...
2018-05-03 14:47:20,308 - INFO - Simulation 6800 out of 10000 ...
2018-05-03 14:50:27,521 - INFO - Simulation 6900 out of 10000 ...
2018-05-03 14:53:34,510 - INFO - Simulation 7000 out of 10000 ...
2018-05-03 14:56:41,436 - INFO - Simulation 7100 out of 10000 ...
2018-05-03 14:59:48,466 - INFO - Simulation 7200 out of 10000 ...
2018-05-03 15:02:55,535 - INFO - Simulation 7300 out of 10000 ...
2018-05-03 15:06:02,629 - INFO - Simulation 7400 out of 10000 ...
2018-05-03 15:09:09,762 - INFO - Simulation 7500 out of 10000 ...
2018-05-03 15:12:17,087 - INFO - Simulation 7600 out of 10000 ...
2018-05-03 15:15:24,332 - INFO - Simulation 7700 out of 10000 ...
2018-05-03 15:18:31,599 - INFO - Simulation 7800 out of 10000 ...
2018-05-03 15:21:38,864 - INFO - Simulation 7900 out of 10000 ...
2018-05-03 15:24:46,702 - INFO - Simulation 8000 out of 10000 ...
2018-05-03 15:27:54,200 - INFO - Simulation 8100 out of 10000 ...
2018-05-03 15:31:01,665 - INFO - Simulation 8200 out of 10000 ...
2018-05-03 15:34:09,118 - INFO - Simulation 8300 out of 10000 ...
2018-05-03 15:37:16,744 - INFO - Simulation 8400 out of 10000 ...
2018-05-03 15:40:24,497 - INFO - Simulation 8500 out of 10000 ...
2018-05-03 15:43:32,082 - INFO - Simulation 8600 out of 10000 ...
2018-05-03 15:46:39,689 - INFO - Simulation 8700 out of 10000 ...
2018-05-03 15:49:47,277 - INFO - Simulation 8800 out of 10000 ...
2018-05-03 15:52:54,795 - INFO - Simulation 8900 out of 10000 ...
2018-05-03 15:56:02,429 - INFO - Simulation 9000 out of 10000 ...
2018-05-03 15:59:10,056 - INFO - Simulation 9100 out of 10000 ...
2018-05-03 16:02:17,845 - INFO - Simulation 9200 out of 10000 ...
2018-05-03 16:05:25,948 - INFO - Simulation 9300 out of 10000 ...
2018-05-03 16:09:58,730 - INFO - Simulation 9400 out of 10000 ...
2018-05-03 16:13:03,939 - INFO - Simulation 9500 out of 10000 ...
2018-05-03 16:16:09,314 - INFO - Simulation 9600 out of 10000 ...
2018-05-03 16:19:13,626 - INFO - Simulation 9700 out of 10000 ...
2018-05-03 16:22:17,987 - INFO - Simulation 9800 out of 10000 ...
2018-05-03 16:25:23,429 - INFO - Simulation 9900 out of 10000 ...
2018-05-03 16:28:28,414 - INFO - Simulation 10000 out of 10000 ...
2018-05-03 16:28:30,237 - INFO - Calculating p. values for 1230 betas ...
2018-05-03 16:28:35,979 - INFO - Calculated p. values for 100 out of 1230 betas ...
2018-05-03 16:28:41,774 - INFO - Calculated p. values for 200 out of 1230 betas ...
2018-05-03 16:28:47,466 - INFO - Calculated p. values for 300 out of 1230 betas ...
2018-05-03 16:28:53,204 - INFO - Calculated p. values for 400 out of 1230 betas ...
2018-05-03 16:28:58,926 - INFO - Calculated p. values for 500 out of 1230 betas ...
2018-05-03 16:29:04,599 - INFO - Calculated p. values for 600 out of 1230 betas ...
2018-05-03 16:29:10,328 - INFO - Calculated p. values for 700 out of 1230 betas ...
2018-05-03 16:29:16,042 - INFO - Calculated p. values for 800 out of 1230 betas ...
2018-05-03 16:29:21,755 - INFO - Calculated p. values for 900 out of 1230 betas ...
2018-05-03 16:29:27,425 - INFO - Calculated p. values for 1000 out of 1230 betas ...
2018-05-03 16:29:33,181 - INFO - Calculated p. values for 1100 out of 1230 betas ...
2018-05-03 16:29:38,934 - INFO - Calculated p. values for 1200 out of 1230 betas ...
2018-05-03 16:29:40,733 - INFO - Calculated p. values for 1230 out of 1230 betas ...
2018-05-03 16:29:41,642 - INFO - Estimating statistical power for 100 out of 1230 units ...
2018-05-03 16:29:42,545 - INFO - Estimating statistical power for 200 out of 1230 units ...
2018-05-03 16:29:43,523 - INFO - Estimating statistical power for 300 out of 1230 units ...
2018-05-03 16:29:44,443 - INFO - Estimating statistical power for 400 out of 1230 units ...
2018-05-03 16:29:45,354 - INFO - Estimating statistical power for 500 out of 1230 units ...
2018-05-03 16:29:46,312 - INFO - Estimating statistical power for 600 out of 1230 units ...
2018-05-03 16:29:47,240 - INFO - Estimating statistical power for 700 out of 1230 units ...
2018-05-03 16:29:48,191 - INFO - Estimating statistical power for 800 out of 1230 units ...
2018-05-03 16:29:49,168 - INFO - Estimating statistical power for 900 out of 1230 units ...
2018-05-03 16:29:50,206 - INFO - Estimating statistical power for 1000 out of 1230 units ...
2018-05-03 16:29:51,147 - INFO - Estimating statistical power for 1100 out of 1230 units ...
2018-05-03 16:29:52,047 - INFO - Estimating statistical power for 1200 out of 1230 units ...
2018-05-03 16:29:52,323 - INFO - Estimating statistical power for 1230 out of 1230 units ...
2018-05-03 16:29:55,524 - INFO - Calculated statistical power for 100 out of 1230 betas ...
2018-05-03 16:29:58,782 - INFO - Calculated statistical power for 200 out of 1230 betas ...
2018-05-03 16:30:02,006 - INFO - Calculated statistical power for 300 out of 1230 betas ...
2018-05-03 16:30:05,227 - INFO - Calculated statistical power for 400 out of 1230 betas ...
2018-05-03 16:30:08,406 - INFO - Calculated statistical power for 500 out of 1230 betas ...
2018-05-03 16:30:11,563 - INFO - Calculated statistical power for 600 out of 1230 betas ...
2018-05-03 16:30:14,735 - INFO - Calculated statistical power for 700 out of 1230 betas ...
2018-05-03 16:30:17,942 - INFO - Calculated statistical power for 800 out of 1230 betas ...
2018-05-03 16:30:21,105 - INFO - Calculated statistical power for 900 out of 1230 betas ...
2018-05-03 16:30:24,279 - INFO - Calculated statistical power for 1000 out of 1230 betas ...
2018-05-03 16:30:27,480 - INFO - Calculated statistical power for 1100 out of 1230 betas ...
2018-05-03 16:30:30,678 - INFO - Calculated statistical power for 1200 out of 1230 betas ...
2018-05-03 16:30:32,148 - INFO - Finished simulations to assess statistical significance of deconvolution profile ...
2018-05-03 16:30:33,081 - INFO - Successfully updated sgRNA summary table ...
2018-05-03 16:30:33,103 - INFO - Successfully created beta profile file ...
2018-05-03 16:30:33,140 - INFO - Successfully created significant regions file ...
2018-05-03 16:30:33,819 - INFO - Successfully created IGV tracks ...
