2018-04-18 00:13:50,298 - INFO - Performing argument handling and setting defaults when necessary ...
2018-04-18 00:13:50,300 - INFO - The characteristic perturbation range parameter is set to default 10 bps based on Cas9 perturbation ...
2018-04-18 00:13:50,301 - INFO - The limit parameter is set to default 50 bps based on Cas9/Cpf1 perturbation ...
2018-04-18 00:13:50,301 - INFO - The scale parameter is set to 1 based on the characteristic perturbation range parameter of 7 bp ...
2018-04-18 00:13:50,301 - INFO - The p adj. cut-off list is set to [0.05] ...
2018-04-18 00:13:50,301 - INFO - The gamma list parameter is set to [0.02, 0.04, 0.06, 0.08, 0.1, 0.2, 0.4, 0.6, 0.8, 1.0, 2.0, 3.0, 4.0, 5.0, 6.0, 7.0, 8.0, 9.0, 10.0, 12.0, 14.0, 16.0, 18.0, 20.0, 30.0, 40.0, 50.0, 60.0, 70.0, 80.0, 90.0, 100.0] based on the characteristic perturbation range parameter of 7 bps ...
2018-04-18 00:13:50,301 - INFO - Finished argument handling and setting defaults when necessary ...
2018-04-18 00:13:50,360 - INFO - Input sgRNA summary dataframe successfully loaded ...
2018-04-18 00:13:50,360 - INFO - Deconvolving CRISPR tiling screen signal for biological replicates ...
2018-04-18 00:13:50,362 - INFO - Deconvolving signal for Replicate 1
2018-04-18 00:13:56,171 - INFO - Deconvolving signal for Replicate 2
2018-04-18 00:14:02,139 - INFO - Deconvolving signal for Replicate 3
2018-04-18 00:14:07,895 - INFO - Deconvolving signal for Replicate 4
2018-04-18 00:14:13,528 - INFO - Deconvolving signal for Replicate 5
2018-04-18 00:14:19,163 - INFO - Deconvolving signal for Replicate 6
2018-04-18 00:14:24,769 - INFO - Successfully deconvolved all biological replicates ...
2018-04-18 00:14:24,909 - INFO - Identified gamma range to be used for downstream deconvolution statistics
2018-04-18 00:14:25,094 - INFO - Combined all biological replicates into single deconvolution profile for downstream statistics ...
2018-04-18 00:14:25,105 - INFO - Performing 10000 simulations to construct beta null distributions ...
2018-04-18 00:17:29,564 - INFO - Simulation 100 out of 10000 ...
2018-04-18 00:20:36,002 - INFO - Simulation 200 out of 10000 ...
2018-04-18 00:23:43,699 - INFO - Simulation 300 out of 10000 ...
2018-04-18 00:26:51,220 - INFO - Simulation 400 out of 10000 ...
2018-04-18 00:29:58,070 - INFO - Simulation 500 out of 10000 ...
2018-04-18 00:33:04,198 - INFO - Simulation 600 out of 10000 ...
2018-04-18 00:36:10,223 - INFO - Simulation 700 out of 10000 ...
2018-04-18 00:39:16,195 - INFO - Simulation 800 out of 10000 ...
2018-04-18 00:42:22,294 - INFO - Simulation 900 out of 10000 ...
2018-04-18 00:45:28,366 - INFO - Simulation 1000 out of 10000 ...
2018-04-18 00:48:35,464 - INFO - Simulation 1100 out of 10000 ...
2018-04-18 00:51:43,305 - INFO - Simulation 1200 out of 10000 ...
2018-04-18 00:54:51,258 - INFO - Simulation 1300 out of 10000 ...
2018-04-18 00:57:59,246 - INFO - Simulation 1400 out of 10000 ...
2018-04-18 01:01:07,587 - INFO - Simulation 1500 out of 10000 ...
2018-04-18 01:04:17,881 - INFO - Simulation 1600 out of 10000 ...
2018-04-18 01:07:25,669 - INFO - Simulation 1700 out of 10000 ...
2018-04-18 01:10:33,619 - INFO - Simulation 1800 out of 10000 ...
2018-04-18 01:13:42,827 - INFO - Simulation 1900 out of 10000 ...
2018-04-18 01:16:50,136 - INFO - Simulation 2000 out of 10000 ...
2018-04-18 01:19:58,418 - INFO - Simulation 2100 out of 10000 ...
2018-04-18 01:23:07,377 - INFO - Simulation 2200 out of 10000 ...
2018-04-18 01:26:18,204 - INFO - Simulation 2300 out of 10000 ...
2018-04-18 01:29:29,501 - INFO - Simulation 2400 out of 10000 ...
2018-04-18 01:32:37,713 - INFO - Simulation 2500 out of 10000 ...
2018-04-18 01:35:45,871 - INFO - Simulation 2600 out of 10000 ...
2018-04-18 01:38:54,478 - INFO - Simulation 2700 out of 10000 ...
2018-04-18 01:42:02,688 - INFO - Simulation 2800 out of 10000 ...
2018-04-18 01:45:11,293 - INFO - Simulation 2900 out of 10000 ...
2018-04-18 01:48:20,642 - INFO - Simulation 3000 out of 10000 ...
2018-04-18 01:51:29,035 - INFO - Simulation 3100 out of 10000 ...
2018-04-18 01:54:38,021 - INFO - Simulation 3200 out of 10000 ...
2018-04-18 01:57:47,458 - INFO - Simulation 3300 out of 10000 ...
2018-04-18 02:00:56,372 - INFO - Simulation 3400 out of 10000 ...
2018-04-18 02:04:05,500 - INFO - Simulation 3500 out of 10000 ...
2018-04-18 02:07:14,853 - INFO - Simulation 3600 out of 10000 ...
2018-04-18 02:10:26,212 - INFO - Simulation 3700 out of 10000 ...
2018-04-18 02:13:36,785 - INFO - Simulation 3800 out of 10000 ...
2018-04-18 02:16:47,860 - INFO - Simulation 3900 out of 10000 ...
2018-04-18 02:19:58,681 - INFO - Simulation 4000 out of 10000 ...
2018-04-18 02:23:09,303 - INFO - Simulation 4100 out of 10000 ...
2018-04-18 02:26:17,650 - INFO - Simulation 4200 out of 10000 ...
2018-04-18 02:29:26,043 - INFO - Simulation 4300 out of 10000 ...
2018-04-18 02:32:33,425 - INFO - Simulation 4400 out of 10000 ...
2018-04-18 02:35:41,779 - INFO - Simulation 4500 out of 10000 ...
2018-04-18 02:38:49,460 - INFO - Simulation 4600 out of 10000 ...
2018-04-18 02:41:57,586 - INFO - Simulation 4700 out of 10000 ...
2018-04-18 02:45:05,360 - INFO - Simulation 4800 out of 10000 ...
2018-04-18 02:48:14,348 - INFO - Simulation 4900 out of 10000 ...
2018-04-18 02:51:22,953 - INFO - Simulation 5000 out of 10000 ...
2018-04-18 02:54:31,982 - INFO - Simulation 5100 out of 10000 ...
2018-04-18 02:57:40,533 - INFO - Simulation 5200 out of 10000 ...
2018-04-18 03:00:48,481 - INFO - Simulation 5300 out of 10000 ...
2018-04-18 03:04:04,689 - INFO - Simulation 5400 out of 10000 ...
2018-04-18 03:07:15,195 - INFO - Simulation 5500 out of 10000 ...
2018-04-18 03:10:26,237 - INFO - Simulation 5600 out of 10000 ...
2018-04-18 03:13:34,659 - INFO - Simulation 5700 out of 10000 ...
2018-04-18 03:16:43,442 - INFO - Simulation 5800 out of 10000 ...
2018-04-18 03:19:51,204 - INFO - Simulation 5900 out of 10000 ...
2018-04-18 03:23:00,934 - INFO - Simulation 6000 out of 10000 ...
2018-04-18 03:26:10,344 - INFO - Simulation 6100 out of 10000 ...
2018-04-18 03:29:19,234 - INFO - Simulation 6200 out of 10000 ...
2018-04-18 03:32:29,503 - INFO - Simulation 6300 out of 10000 ...
2018-04-18 03:35:38,900 - INFO - Simulation 6400 out of 10000 ...
2018-04-18 03:38:49,353 - INFO - Simulation 6500 out of 10000 ...
2018-04-18 03:41:59,332 - INFO - Simulation 6600 out of 10000 ...
2018-04-18 03:45:09,546 - INFO - Simulation 6700 out of 10000 ...
2018-04-18 03:48:18,412 - INFO - Simulation 6800 out of 10000 ...
2018-04-18 03:51:28,340 - INFO - Simulation 6900 out of 10000 ...
2018-04-18 03:54:37,337 - INFO - Simulation 7000 out of 10000 ...
2018-04-18 03:57:46,864 - INFO - Simulation 7100 out of 10000 ...
2018-04-18 04:00:56,117 - INFO - Simulation 7200 out of 10000 ...
2018-04-18 04:04:07,298 - INFO - Simulation 7300 out of 10000 ...
2018-04-18 04:07:18,138 - INFO - Simulation 7400 out of 10000 ...
2018-04-18 04:10:34,403 - INFO - Simulation 7500 out of 10000 ...
2018-04-18 04:13:45,802 - INFO - Simulation 7600 out of 10000 ...
2018-04-18 04:16:56,617 - INFO - Simulation 7700 out of 10000 ...
2018-04-18 04:20:08,086 - INFO - Simulation 7800 out of 10000 ...
2018-04-18 04:23:18,242 - INFO - Simulation 7900 out of 10000 ...
2018-04-18 04:26:35,067 - INFO - Simulation 8000 out of 10000 ...
2018-04-18 04:29:53,040 - INFO - Simulation 8100 out of 10000 ...
2018-04-18 04:33:08,277 - INFO - Simulation 8200 out of 10000 ...
2018-04-18 04:36:26,552 - INFO - Simulation 8300 out of 10000 ...
2018-04-18 04:39:46,501 - INFO - Simulation 8400 out of 10000 ...
2018-04-18 04:43:07,215 - INFO - Simulation 8500 out of 10000 ...
2018-04-18 04:46:21,557 - INFO - Simulation 8600 out of 10000 ...
2018-04-18 04:49:35,983 - INFO - Simulation 8700 out of 10000 ...
2018-04-18 04:52:45,048 - INFO - Simulation 8800 out of 10000 ...
2018-04-18 04:55:57,110 - INFO - Simulation 8900 out of 10000 ...
2018-04-18 04:59:06,367 - INFO - Simulation 9000 out of 10000 ...
2018-04-18 05:02:18,133 - INFO - Simulation 9100 out of 10000 ...
2018-04-18 05:05:28,376 - INFO - Simulation 9200 out of 10000 ...
2018-04-18 05:08:40,683 - INFO - Simulation 9300 out of 10000 ...
2018-04-18 05:11:51,566 - INFO - Simulation 9400 out of 10000 ...
2018-04-18 05:15:04,666 - INFO - Simulation 9500 out of 10000 ...
2018-04-18 05:18:17,767 - INFO - Simulation 9600 out of 10000 ...
2018-04-18 05:21:30,922 - INFO - Simulation 9700 out of 10000 ...
2018-04-18 05:24:47,817 - INFO - Simulation 9800 out of 10000 ...
2018-04-18 05:28:06,674 - INFO - Simulation 9900 out of 10000 ...
2018-04-18 05:31:26,090 - INFO - Simulation 10000 out of 10000 ...
2018-04-18 05:31:28,001 - INFO - Calculating p. values for 3614 betas ...
2018-04-18 05:31:33,902 - INFO - Calculated p. values for 100 out of 3614 betas ...
2018-04-18 05:31:39,893 - INFO - Calculated p. values for 200 out of 3614 betas ...
2018-04-18 05:31:46,084 - INFO - Calculated p. values for 300 out of 3614 betas ...
2018-04-18 05:31:53,884 - INFO - Calculated p. values for 400 out of 3614 betas ...
2018-04-18 05:32:01,593 - INFO - Calculated p. values for 500 out of 3614 betas ...
2018-04-18 05:32:08,458 - INFO - Calculated p. values for 600 out of 3614 betas ...
2018-04-18 05:32:14,470 - INFO - Calculated p. values for 700 out of 3614 betas ...
2018-04-18 05:32:20,452 - INFO - Calculated p. values for 800 out of 3614 betas ...
2018-04-18 05:32:26,439 - INFO - Calculated p. values for 900 out of 3614 betas ...
2018-04-18 05:32:32,406 - INFO - Calculated p. values for 1000 out of 3614 betas ...
2018-04-18 05:32:38,424 - INFO - Calculated p. values for 1100 out of 3614 betas ...
2018-04-18 05:32:44,423 - INFO - Calculated p. values for 1200 out of 3614 betas ...
2018-04-18 05:32:50,873 - INFO - Calculated p. values for 1300 out of 3614 betas ...
2018-04-18 05:32:58,784 - INFO - Calculated p. values for 1400 out of 3614 betas ...
2018-04-18 05:33:06,581 - INFO - Calculated p. values for 1500 out of 3614 betas ...
2018-04-18 05:33:14,331 - INFO - Calculated p. values for 1600 out of 3614 betas ...
2018-04-18 05:33:21,985 - INFO - Calculated p. values for 1700 out of 3614 betas ...
2018-04-18 05:33:29,662 - INFO - Calculated p. values for 1800 out of 3614 betas ...
2018-04-18 05:33:36,748 - INFO - Calculated p. values for 1900 out of 3614 betas ...
2018-04-18 05:33:44,579 - INFO - Calculated p. values for 2000 out of 3614 betas ...
2018-04-18 05:33:51,961 - INFO - Calculated p. values for 2100 out of 3614 betas ...
2018-04-18 05:33:57,999 - INFO - Calculated p. values for 2200 out of 3614 betas ...
2018-04-18 05:34:04,023 - INFO - Calculated p. values for 2300 out of 3614 betas ...
2018-04-18 05:34:10,296 - INFO - Calculated p. values for 2400 out of 3614 betas ...
2018-04-18 05:34:18,184 - INFO - Calculated p. values for 2500 out of 3614 betas ...
2018-04-18 05:34:24,877 - INFO - Calculated p. values for 2600 out of 3614 betas ...
2018-04-18 05:34:32,685 - INFO - Calculated p. values for 2700 out of 3614 betas ...
2018-04-18 05:34:40,419 - INFO - Calculated p. values for 2800 out of 3614 betas ...
2018-04-18 05:34:48,161 - INFO - Calculated p. values for 2900 out of 3614 betas ...
2018-04-18 05:34:55,855 - INFO - Calculated p. values for 3000 out of 3614 betas ...
2018-04-18 05:35:03,590 - INFO - Calculated p. values for 3100 out of 3614 betas ...
2018-04-18 05:35:11,326 - INFO - Calculated p. values for 3200 out of 3614 betas ...
2018-04-18 05:35:18,980 - INFO - Calculated p. values for 3300 out of 3614 betas ...
2018-04-18 05:35:25,996 - INFO - Calculated p. values for 3400 out of 3614 betas ...
2018-04-18 05:35:31,994 - INFO - Calculated p. values for 3500 out of 3614 betas ...
2018-04-18 05:35:38,003 - INFO - Calculated p. values for 3600 out of 3614 betas ...
2018-04-18 05:35:38,909 - INFO - Calculated p. values for 3614 out of 3614 betas ...
2018-04-18 05:35:40,064 - INFO - Estimating statistical power for 100 out of 3614 units ...
2018-04-18 05:35:41,362 - INFO - Estimating statistical power for 200 out of 3614 units ...
2018-04-18 05:35:42,678 - INFO - Estimating statistical power for 300 out of 3614 units ...
2018-04-18 05:35:43,883 - INFO - Estimating statistical power for 400 out of 3614 units ...
2018-04-18 05:35:44,955 - INFO - Estimating statistical power for 500 out of 3614 units ...
2018-04-18 05:35:46,133 - INFO - Estimating statistical power for 600 out of 3614 units ...
2018-04-18 05:35:47,228 - INFO - Estimating statistical power for 700 out of 3614 units ...
2018-04-18 05:35:48,460 - INFO - Estimating statistical power for 800 out of 3614 units ...
2018-04-18 05:35:49,614 - INFO - Estimating statistical power for 900 out of 3614 units ...
2018-04-18 05:35:50,942 - INFO - Estimating statistical power for 1000 out of 3614 units ...
2018-04-18 05:35:52,158 - INFO - Estimating statistical power for 1100 out of 3614 units ...
2018-04-18 05:35:53,390 - INFO - Estimating statistical power for 1200 out of 3614 units ...
2018-04-18 05:35:54,513 - INFO - Estimating statistical power for 1300 out of 3614 units ...
2018-04-18 05:35:55,668 - INFO - Estimating statistical power for 1400 out of 3614 units ...
2018-04-18 05:35:57,045 - INFO - Estimating statistical power for 1500 out of 3614 units ...
2018-04-18 05:35:58,329 - INFO - Estimating statistical power for 1600 out of 3614 units ...
2018-04-18 05:35:59,561 - INFO - Estimating statistical power for 1700 out of 3614 units ...
2018-04-18 05:36:00,909 - INFO - Estimating statistical power for 1800 out of 3614 units ...
2018-04-18 05:36:02,110 - INFO - Estimating statistical power for 1900 out of 3614 units ...
2018-04-18 05:36:03,319 - INFO - Estimating statistical power for 2000 out of 3614 units ...
2018-04-18 05:36:04,489 - INFO - Estimating statistical power for 2100 out of 3614 units ...
2018-04-18 05:36:05,724 - INFO - Estimating statistical power for 2200 out of 3614 units ...
2018-04-18 05:36:07,069 - INFO - Estimating statistical power for 2300 out of 3614 units ...
2018-04-18 05:36:08,459 - INFO - Estimating statistical power for 2400 out of 3614 units ...
2018-04-18 05:36:09,916 - INFO - Estimating statistical power for 2500 out of 3614 units ...
2018-04-18 05:36:11,352 - INFO - Estimating statistical power for 2600 out of 3614 units ...
2018-04-18 05:36:12,683 - INFO - Estimating statistical power for 2700 out of 3614 units ...
2018-04-18 05:36:14,129 - INFO - Estimating statistical power for 2800 out of 3614 units ...
2018-04-18 05:36:15,539 - INFO - Estimating statistical power for 2900 out of 3614 units ...
2018-04-18 05:36:16,816 - INFO - Estimating statistical power for 3000 out of 3614 units ...
2018-04-18 05:36:19,472 - INFO - Estimating statistical power for 3100 out of 3614 units ...
2018-04-18 05:36:20,705 - INFO - Estimating statistical power for 3200 out of 3614 units ...
2018-04-18 05:36:21,843 - INFO - Estimating statistical power for 3300 out of 3614 units ...
2018-04-18 05:36:23,086 - INFO - Estimating statistical power for 3400 out of 3614 units ...
2018-04-18 05:36:24,259 - INFO - Estimating statistical power for 3500 out of 3614 units ...
2018-04-18 05:36:25,561 - INFO - Estimating statistical power for 3600 out of 3614 units ...
2018-04-18 05:36:25,752 - INFO - Estimating statistical power for 3614 out of 3614 units ...
2018-04-18 05:36:29,010 - INFO - Calculated statistical power for 100 out of 3614 betas ...
2018-04-18 05:36:32,323 - INFO - Calculated statistical power for 200 out of 3614 betas ...
2018-04-18 05:36:35,652 - INFO - Calculated statistical power for 300 out of 3614 betas ...
2018-04-18 05:36:38,989 - INFO - Calculated statistical power for 400 out of 3614 betas ...
2018-04-18 05:36:42,290 - INFO - Calculated statistical power for 500 out of 3614 betas ...
2018-04-18 05:36:45,622 - INFO - Calculated statistical power for 600 out of 3614 betas ...
2018-04-18 05:36:48,921 - INFO - Calculated statistical power for 700 out of 3614 betas ...
2018-04-18 05:36:52,235 - INFO - Calculated statistical power for 800 out of 3614 betas ...
2018-04-18 05:36:55,553 - INFO - Calculated statistical power for 900 out of 3614 betas ...
2018-04-18 05:36:58,834 - INFO - Calculated statistical power for 1000 out of 3614 betas ...
2018-04-18 05:37:02,092 - INFO - Calculated statistical power for 1100 out of 3614 betas ...
2018-04-18 05:37:05,383 - INFO - Calculated statistical power for 1200 out of 3614 betas ...
2018-04-18 05:37:08,696 - INFO - Calculated statistical power for 1300 out of 3614 betas ...
2018-04-18 05:37:12,013 - INFO - Calculated statistical power for 1400 out of 3614 betas ...
2018-04-18 05:37:15,327 - INFO - Calculated statistical power for 1500 out of 3614 betas ...
2018-04-18 05:37:18,661 - INFO - Calculated statistical power for 1600 out of 3614 betas ...
2018-04-18 05:37:22,069 - INFO - Calculated statistical power for 1700 out of 3614 betas ...
2018-04-18 05:37:25,667 - INFO - Calculated statistical power for 1800 out of 3614 betas ...
2018-04-18 05:37:28,973 - INFO - Calculated statistical power for 1900 out of 3614 betas ...
2018-04-18 05:37:32,298 - INFO - Calculated statistical power for 2000 out of 3614 betas ...
2018-04-18 05:37:35,596 - INFO - Calculated statistical power for 2100 out of 3614 betas ...
2018-04-18 05:37:38,916 - INFO - Calculated statistical power for 2200 out of 3614 betas ...
2018-04-18 05:37:42,305 - INFO - Calculated statistical power for 2300 out of 3614 betas ...
2018-04-18 05:37:46,459 - INFO - Calculated statistical power for 2400 out of 3614 betas ...
2018-04-18 05:37:50,600 - INFO - Calculated statistical power for 2500 out of 3614 betas ...
2018-04-18 05:37:54,688 - INFO - Calculated statistical power for 2600 out of 3614 betas ...
2018-04-18 05:37:58,856 - INFO - Calculated statistical power for 2700 out of 3614 betas ...
2018-04-18 05:38:12,044 - INFO - Calculated statistical power for 2800 out of 3614 betas ...
2018-04-18 05:38:29,168 - INFO - Calculated statistical power for 2900 out of 3614 betas ...
2018-04-18 05:38:32,648 - INFO - Calculated statistical power for 3000 out of 3614 betas ...
2018-04-18 05:38:36,004 - INFO - Calculated statistical power for 3100 out of 3614 betas ...
2018-04-18 05:38:39,312 - INFO - Calculated statistical power for 3200 out of 3614 betas ...
2018-04-18 05:38:42,674 - INFO - Calculated statistical power for 3300 out of 3614 betas ...
2018-04-18 05:38:45,972 - INFO - Calculated statistical power for 3400 out of 3614 betas ...
2018-04-18 05:38:49,308 - INFO - Calculated statistical power for 3500 out of 3614 betas ...
2018-04-18 05:38:52,640 - INFO - Calculated statistical power for 3600 out of 3614 betas ...
2018-04-18 05:38:55,329 - INFO - Finished simulations to assess statistical significance of deconvolution profile ...
2018-04-18 05:38:55,657 - INFO - Successfully updated sgRNA summary table ...
2018-04-18 05:38:55,704 - INFO - Successfully created beta profile file ...
2018-04-18 05:38:55,737 - INFO - Successfully created significant regions file ...
2018-04-18 05:38:56,015 - INFO - Successfully created IGV tracks ...
