2018-03-29 18:03:05,194 - INFO - Performing argument handling and setting defaults when necessary ...
2018-03-29 18:03:05,195 - INFO - The characteristic perturbation range parameter is set to default 10 bps based on Cas9 perturbation ...
2018-03-29 18:03:05,195 - INFO - The limit parameter is set to default 50 bps based on Cas9/Cpf1 perturbation ...
2018-03-29 18:03:05,195 - INFO - The scale parameter is set to 1 based on the characteristic perturbation range parameter of 7 bp ...
2018-03-29 18:03:05,195 - INFO - The p adj. cut-off list is set to [0.05] ...
2018-03-29 18:03:05,195 - INFO - The gamma list parameter is set to [0.02, 0.04, 0.06, 0.08, 0.1, 0.2, 0.4, 0.6, 0.8, 1.0, 2.0, 3.0, 4.0, 5.0, 6.0, 7.0, 8.0, 9.0, 10.0, 12.0, 14.0, 16.0, 18.0, 20.0, 30.0, 40.0, 50.0, 60.0, 70.0, 80.0, 90.0, 100.0] based on the characteristic perturbation range parameter of 7 bps ...
2018-03-29 18:03:05,195 - INFO - Finished argument handling and setting defaults when necessary ...
2018-03-29 18:03:05,208 - INFO - Input sgRNA summary dataframe successfully loaded ...
2018-03-29 18:03:05,208 - INFO - Deconvolving CRISPR tiling screen signal for biological replicates ...
2018-03-29 18:03:05,210 - INFO - Deconvolving signal for Replicate 1
2018-03-29 18:03:29,751 - INFO - Deconvolving signal for Replicate 2
2018-03-29 18:03:54,215 - INFO - Deconvolving signal for Replicate 3
2018-03-29 18:04:18,396 - INFO - Successfully deconvolved all biological replicates ...
2018-03-29 18:04:18,500 - INFO - Identified gamma range to be used for downstream deconvolution statistics
2018-03-29 18:04:19,293 - INFO - Combined all biological replicates into single deconvolution profile for downstream statistics ...
2018-03-29 18:04:19,307 - INFO - Performing 10000 simulations to construct beta null distributions ...
2018-03-29 18:13:27,453 - INFO - Simulation 100 out of 10000 ...
2018-03-29 18:22:48,390 - INFO - Simulation 200 out of 10000 ...
2018-03-29 18:32:14,715 - INFO - Simulation 300 out of 10000 ...
2018-03-29 18:41:35,596 - INFO - Simulation 400 out of 10000 ...
2018-03-29 18:50:57,223 - INFO - Simulation 500 out of 10000 ...
2018-03-29 19:00:19,722 - INFO - Simulation 600 out of 10000 ...
2018-03-29 19:09:43,862 - INFO - Simulation 700 out of 10000 ...
2018-03-29 19:19:09,193 - INFO - Simulation 800 out of 10000 ...
2018-03-29 19:28:35,592 - INFO - Simulation 900 out of 10000 ...
2018-03-29 19:38:41,258 - INFO - Simulation 1000 out of 10000 ...
2018-03-29 19:48:06,514 - INFO - Simulation 1100 out of 10000 ...
2018-03-29 19:57:34,579 - INFO - Simulation 1200 out of 10000 ...
2018-03-29 20:07:04,558 - INFO - Simulation 1300 out of 10000 ...
2018-03-29 20:16:35,739 - INFO - Simulation 1400 out of 10000 ...
2018-03-29 20:26:07,454 - INFO - Simulation 1500 out of 10000 ...
2018-03-29 20:35:33,301 - INFO - Simulation 1600 out of 10000 ...
2018-03-29 20:44:53,682 - INFO - Simulation 1700 out of 10000 ...
2018-03-29 20:54:22,970 - INFO - Simulation 1800 out of 10000 ...
2018-03-29 21:03:57,483 - INFO - Simulation 1900 out of 10000 ...
2018-03-29 21:13:32,135 - INFO - Simulation 2000 out of 10000 ...
2018-03-29 21:22:59,841 - INFO - Simulation 2100 out of 10000 ...
2018-03-29 21:32:28,551 - INFO - Simulation 2200 out of 10000 ...
2018-03-29 21:41:58,255 - INFO - Simulation 2300 out of 10000 ...
2018-03-29 21:51:30,260 - INFO - Simulation 2400 out of 10000 ...
2018-03-29 22:01:04,282 - INFO - Simulation 2500 out of 10000 ...
2018-03-29 22:10:40,326 - INFO - Simulation 2600 out of 10000 ...
2018-03-29 22:20:18,013 - INFO - Simulation 2700 out of 10000 ...
2018-03-29 22:29:58,436 - INFO - Simulation 2800 out of 10000 ...
2018-03-29 22:39:40,375 - INFO - Simulation 2900 out of 10000 ...
2018-03-29 22:49:24,154 - INFO - Simulation 3000 out of 10000 ...
2018-03-29 22:59:10,545 - INFO - Simulation 3100 out of 10000 ...
2018-03-29 23:08:56,608 - INFO - Simulation 3200 out of 10000 ...
2018-03-29 23:18:46,582 - INFO - Simulation 3300 out of 10000 ...
2018-03-29 23:28:38,486 - INFO - Simulation 3400 out of 10000 ...
2018-03-29 23:38:49,219 - INFO - Simulation 3500 out of 10000 ...
2018-03-29 23:48:34,469 - INFO - Simulation 3600 out of 10000 ...
2018-03-29 23:57:58,187 - INFO - Simulation 3700 out of 10000 ...
2018-03-30 00:07:15,022 - INFO - Simulation 3800 out of 10000 ...
2018-03-30 00:16:26,275 - INFO - Simulation 3900 out of 10000 ...
2018-03-30 00:25:37,938 - INFO - Simulation 4000 out of 10000 ...
2018-03-30 00:34:50,706 - INFO - Simulation 4100 out of 10000 ...
2018-03-30 00:44:02,962 - INFO - Simulation 4200 out of 10000 ...
2018-03-30 00:53:19,099 - INFO - Simulation 4300 out of 10000 ...
2018-03-30 01:02:36,850 - INFO - Simulation 4400 out of 10000 ...
2018-03-30 01:11:55,761 - INFO - Simulation 4500 out of 10000 ...
2018-03-30 01:21:15,946 - INFO - Simulation 4600 out of 10000 ...
2018-03-30 01:30:38,000 - INFO - Simulation 4700 out of 10000 ...
2018-03-30 01:39:58,941 - INFO - Simulation 4800 out of 10000 ...
2018-03-30 01:49:24,239 - INFO - Simulation 4900 out of 10000 ...
2018-03-30 01:58:51,585 - INFO - Simulation 5000 out of 10000 ...
2018-03-30 02:08:31,443 - INFO - Simulation 5100 out of 10000 ...
2018-03-30 02:18:05,669 - INFO - Simulation 5200 out of 10000 ...
2018-03-30 02:27:38,949 - INFO - Simulation 5300 out of 10000 ...
2018-03-30 02:37:16,015 - INFO - Simulation 5400 out of 10000 ...
2018-03-30 02:46:55,420 - INFO - Simulation 5500 out of 10000 ...
2018-03-30 02:56:36,175 - INFO - Simulation 5600 out of 10000 ...
2018-03-30 03:06:19,026 - INFO - Simulation 5700 out of 10000 ...
2018-03-30 03:16:00,616 - INFO - Simulation 5800 out of 10000 ...
2018-03-30 03:25:40,099 - INFO - Simulation 5900 out of 10000 ...
2018-03-30 03:35:14,772 - INFO - Simulation 6000 out of 10000 ...
2018-03-30 03:44:50,557 - INFO - Simulation 6100 out of 10000 ...
2018-03-30 03:54:44,898 - INFO - Simulation 6200 out of 10000 ...
2018-03-30 04:04:56,614 - INFO - Simulation 6300 out of 10000 ...
2018-03-30 04:15:13,707 - INFO - Simulation 6400 out of 10000 ...
2018-03-30 04:25:34,356 - INFO - Simulation 6500 out of 10000 ...
2018-03-30 04:35:28,534 - INFO - Simulation 6600 out of 10000 ...
2018-03-30 04:45:25,920 - INFO - Simulation 6700 out of 10000 ...
2018-03-30 04:55:18,975 - INFO - Simulation 6800 out of 10000 ...
2018-03-30 05:05:04,958 - INFO - Simulation 6900 out of 10000 ...
2018-03-30 05:14:56,423 - INFO - Simulation 7000 out of 10000 ...
2018-03-30 05:24:49,097 - INFO - Simulation 7100 out of 10000 ...
2018-03-30 05:34:42,865 - INFO - Simulation 7200 out of 10000 ...
2018-03-30 05:44:38,257 - INFO - Simulation 7300 out of 10000 ...
2018-03-30 05:54:30,706 - INFO - Simulation 7400 out of 10000 ...
2018-03-30 06:04:29,271 - INFO - Simulation 7500 out of 10000 ...
2018-03-30 06:14:37,707 - INFO - Simulation 7600 out of 10000 ...
2018-03-30 06:24:54,965 - INFO - Simulation 7700 out of 10000 ...
2018-03-30 06:35:14,527 - INFO - Simulation 7800 out of 10000 ...
2018-03-30 06:45:31,868 - INFO - Simulation 7900 out of 10000 ...
2018-03-30 06:55:54,474 - INFO - Simulation 8000 out of 10000 ...
2018-03-30 07:06:18,598 - INFO - Simulation 8100 out of 10000 ...
2018-03-30 07:16:44,132 - INFO - Simulation 8200 out of 10000 ...
2018-03-30 07:27:11,734 - INFO - Simulation 8300 out of 10000 ...
2018-03-30 07:37:37,064 - INFO - Simulation 8400 out of 10000 ...
2018-03-30 07:48:08,375 - INFO - Simulation 8500 out of 10000 ...
2018-03-30 07:58:41,752 - INFO - Simulation 8600 out of 10000 ...
2018-03-30 08:09:16,027 - INFO - Simulation 8700 out of 10000 ...
2018-03-30 08:19:52,768 - INFO - Simulation 8800 out of 10000 ...
2018-03-30 08:30:31,438 - INFO - Simulation 8900 out of 10000 ...
2018-03-30 08:41:09,473 - INFO - Simulation 9000 out of 10000 ...
2018-03-30 08:52:56,729 - INFO - Simulation 9100 out of 10000 ...
2018-03-30 09:05:21,934 - INFO - Simulation 9200 out of 10000 ...
2018-03-30 09:17:48,536 - INFO - Simulation 9300 out of 10000 ...
2018-03-30 09:30:12,612 - INFO - Simulation 9400 out of 10000 ...
2018-03-30 09:42:30,647 - INFO - Simulation 9500 out of 10000 ...
2018-03-30 09:54:45,421 - INFO - Simulation 9600 out of 10000 ...
2018-03-30 10:06:46,749 - INFO - Simulation 9700 out of 10000 ...
2018-03-30 10:18:55,969 - INFO - Simulation 9800 out of 10000 ...
2018-03-30 10:32:07,128 - INFO - Simulation 9900 out of 10000 ...
2018-03-30 10:45:10,305 - INFO - Simulation 10000 out of 10000 ...
2018-03-30 10:45:24,435 - INFO - Calculating p. values for 17565 betas ...
2018-03-30 10:45:31,898 - INFO - Calculated p. values for 100 out of 17565 betas ...
2018-03-30 10:45:40,024 - INFO - Calculated p. values for 200 out of 17565 betas ...
2018-03-30 10:45:49,475 - INFO - Calculated p. values for 300 out of 17565 betas ...
2018-03-30 10:45:57,036 - INFO - Calculated p. values for 400 out of 17565 betas ...
2018-03-30 10:46:04,532 - INFO - Calculated p. values for 500 out of 17565 betas ...
2018-03-30 10:46:11,730 - INFO - Calculated p. values for 600 out of 17565 betas ...
2018-03-30 10:46:19,509 - INFO - Calculated p. values for 700 out of 17565 betas ...
2018-03-30 10:46:25,713 - INFO - Calculated p. values for 800 out of 17565 betas ...
2018-03-30 10:46:31,857 - INFO - Calculated p. values for 900 out of 17565 betas ...
2018-03-30 10:46:38,015 - INFO - Calculated p. values for 1000 out of 17565 betas ...
2018-03-30 10:46:44,090 - INFO - Calculated p. values for 1100 out of 17565 betas ...
2018-03-30 10:46:50,164 - INFO - Calculated p. values for 1200 out of 17565 betas ...
2018-03-30 10:46:56,241 - INFO - Calculated p. values for 1300 out of 17565 betas ...
2018-03-30 10:47:02,411 - INFO - Calculated p. values for 1400 out of 17565 betas ...
2018-03-30 10:47:08,431 - INFO - Calculated p. values for 1500 out of 17565 betas ...
2018-03-30 10:47:14,480 - INFO - Calculated p. values for 1600 out of 17565 betas ...
2018-03-30 10:47:20,609 - INFO - Calculated p. values for 1700 out of 17565 betas ...
2018-03-30 10:47:26,739 - INFO - Calculated p. values for 1800 out of 17565 betas ...
2018-03-30 10:47:32,913 - INFO - Calculated p. values for 1900 out of 17565 betas ...
2018-03-30 10:47:39,039 - INFO - Calculated p. values for 2000 out of 17565 betas ...
2018-03-30 10:47:45,148 - INFO - Calculated p. values for 2100 out of 17565 betas ...
2018-03-30 10:47:51,267 - INFO - Calculated p. values for 2200 out of 17565 betas ...
2018-03-30 10:47:57,408 - INFO - Calculated p. values for 2300 out of 17565 betas ...
2018-03-30 10:48:03,574 - INFO - Calculated p. values for 2400 out of 17565 betas ...
2018-03-30 10:48:09,722 - INFO - Calculated p. values for 2500 out of 17565 betas ...
2018-03-30 10:48:15,821 - INFO - Calculated p. values for 2600 out of 17565 betas ...
2018-03-30 10:48:21,915 - INFO - Calculated p. values for 2700 out of 17565 betas ...
2018-03-30 10:48:27,966 - INFO - Calculated p. values for 2800 out of 17565 betas ...
2018-03-30 10:48:34,124 - INFO - Calculated p. values for 2900 out of 17565 betas ...
2018-03-30 10:48:40,292 - INFO - Calculated p. values for 3000 out of 17565 betas ...
2018-03-30 10:48:46,548 - INFO - Calculated p. values for 3100 out of 17565 betas ...
2018-03-30 10:48:52,826 - INFO - Calculated p. values for 3200 out of 17565 betas ...
2018-03-30 10:48:59,104 - INFO - Calculated p. values for 3300 out of 17565 betas ...
2018-03-30 10:49:05,393 - INFO - Calculated p. values for 3400 out of 17565 betas ...
2018-03-30 10:49:12,635 - INFO - Calculated p. values for 3500 out of 17565 betas ...
2018-03-30 10:49:19,763 - INFO - Calculated p. values for 3600 out of 17565 betas ...
2018-03-30 10:49:26,048 - INFO - Calculated p. values for 3700 out of 17565 betas ...
2018-03-30 10:49:32,322 - INFO - Calculated p. values for 3800 out of 17565 betas ...
2018-03-30 10:49:38,619 - INFO - Calculated p. values for 3900 out of 17565 betas ...
2018-03-30 10:49:44,916 - INFO - Calculated p. values for 4000 out of 17565 betas ...
2018-03-30 10:49:51,218 - INFO - Calculated p. values for 4100 out of 17565 betas ...
2018-03-30 10:49:57,503 - INFO - Calculated p. values for 4200 out of 17565 betas ...
2018-03-30 10:50:03,772 - INFO - Calculated p. values for 4300 out of 17565 betas ...
2018-03-30 10:50:10,063 - INFO - Calculated p. values for 4400 out of 17565 betas ...
2018-03-30 10:50:16,400 - INFO - Calculated p. values for 4500 out of 17565 betas ...
2018-03-30 10:50:22,760 - INFO - Calculated p. values for 4600 out of 17565 betas ...
2018-03-30 10:50:29,107 - INFO - Calculated p. values for 4700 out of 17565 betas ...
2018-03-30 10:50:36,166 - INFO - Calculated p. values for 4800 out of 17565 betas ...
2018-03-30 10:50:43,807 - INFO - Calculated p. values for 4900 out of 17565 betas ...
2018-03-30 10:50:50,248 - INFO - Calculated p. values for 5000 out of 17565 betas ...
2018-03-30 10:50:56,586 - INFO - Calculated p. values for 5100 out of 17565 betas ...
2018-03-30 10:51:02,947 - INFO - Calculated p. values for 5200 out of 17565 betas ...
2018-03-30 10:51:09,293 - INFO - Calculated p. values for 5300 out of 17565 betas ...
2018-03-30 10:51:15,651 - INFO - Calculated p. values for 5400 out of 17565 betas ...
2018-03-30 10:51:21,997 - INFO - Calculated p. values for 5500 out of 17565 betas ...
2018-03-30 10:51:28,281 - INFO - Calculated p. values for 5600 out of 17565 betas ...
2018-03-30 10:51:34,600 - INFO - Calculated p. values for 5700 out of 17565 betas ...
2018-03-30 10:51:40,893 - INFO - Calculated p. values for 5800 out of 17565 betas ...
2018-03-30 10:51:47,217 - INFO - Calculated p. values for 5900 out of 17565 betas ...
2018-03-30 10:51:53,531 - INFO - Calculated p. values for 6000 out of 17565 betas ...
2018-03-30 10:51:59,838 - INFO - Calculated p. values for 6100 out of 17565 betas ...
2018-03-30 10:52:06,122 - INFO - Calculated p. values for 6200 out of 17565 betas ...
2018-03-30 10:52:12,419 - INFO - Calculated p. values for 6300 out of 17565 betas ...
2018-03-30 10:52:18,722 - INFO - Calculated p. values for 6400 out of 17565 betas ...
2018-03-30 10:52:25,029 - INFO - Calculated p. values for 6500 out of 17565 betas ...
2018-03-30 10:52:31,355 - INFO - Calculated p. values for 6600 out of 17565 betas ...
2018-03-30 10:52:37,663 - INFO - Calculated p. values for 6700 out of 17565 betas ...
2018-03-30 10:52:43,949 - INFO - Calculated p. values for 6800 out of 17565 betas ...
2018-03-30 10:52:50,272 - INFO - Calculated p. values for 6900 out of 17565 betas ...
2018-03-30 10:52:56,584 - INFO - Calculated p. values for 7000 out of 17565 betas ...
2018-03-30 10:53:02,922 - INFO - Calculated p. values for 7100 out of 17565 betas ...
2018-03-30 10:53:09,227 - INFO - Calculated p. values for 7200 out of 17565 betas ...
2018-03-30 10:53:15,520 - INFO - Calculated p. values for 7300 out of 17565 betas ...
2018-03-30 10:53:21,833 - INFO - Calculated p. values for 7400 out of 17565 betas ...
2018-03-30 10:53:28,135 - INFO - Calculated p. values for 7500 out of 17565 betas ...
2018-03-30 10:53:34,406 - INFO - Calculated p. values for 7600 out of 17565 betas ...
2018-03-30 10:53:40,724 - INFO - Calculated p. values for 7700 out of 17565 betas ...
2018-03-30 10:53:47,015 - INFO - Calculated p. values for 7800 out of 17565 betas ...
2018-03-30 10:53:53,275 - INFO - Calculated p. values for 7900 out of 17565 betas ...
2018-03-30 10:53:59,583 - INFO - Calculated p. values for 8000 out of 17565 betas ...
2018-03-30 10:54:05,878 - INFO - Calculated p. values for 8100 out of 17565 betas ...
2018-03-30 10:54:12,204 - INFO - Calculated p. values for 8200 out of 17565 betas ...
2018-03-30 10:54:18,504 - INFO - Calculated p. values for 8300 out of 17565 betas ...
2018-03-30 10:54:24,810 - INFO - Calculated p. values for 8400 out of 17565 betas ...
2018-03-30 10:54:30,999 - INFO - Calculated p. values for 8500 out of 17565 betas ...
2018-03-30 10:54:37,159 - INFO - Calculated p. values for 8600 out of 17565 betas ...
2018-03-30 10:54:43,255 - INFO - Calculated p. values for 8700 out of 17565 betas ...
2018-03-30 10:54:49,339 - INFO - Calculated p. values for 8800 out of 17565 betas ...
2018-03-30 10:54:55,418 - INFO - Calculated p. values for 8900 out of 17565 betas ...
2018-03-30 10:55:01,505 - INFO - Calculated p. values for 9000 out of 17565 betas ...
2018-03-30 10:55:07,629 - INFO - Calculated p. values for 9100 out of 17565 betas ...
2018-03-30 10:55:13,713 - INFO - Calculated p. values for 9200 out of 17565 betas ...
2018-03-30 10:55:19,808 - INFO - Calculated p. values for 9300 out of 17565 betas ...
2018-03-30 10:55:25,891 - INFO - Calculated p. values for 9400 out of 17565 betas ...
2018-03-30 10:55:31,990 - INFO - Calculated p. values for 9500 out of 17565 betas ...
2018-03-30 10:55:38,094 - INFO - Calculated p. values for 9600 out of 17565 betas ...
2018-03-30 10:55:44,246 - INFO - Calculated p. values for 9700 out of 17565 betas ...
2018-03-30 10:55:50,309 - INFO - Calculated p. values for 9800 out of 17565 betas ...
2018-03-30 10:55:56,433 - INFO - Calculated p. values for 9900 out of 17565 betas ...
2018-03-30 10:56:02,587 - INFO - Calculated p. values for 10000 out of 17565 betas ...
2018-03-30 10:56:08,695 - INFO - Calculated p. values for 10100 out of 17565 betas ...
2018-03-30 10:56:14,870 - INFO - Calculated p. values for 10200 out of 17565 betas ...
2018-03-30 10:56:21,028 - INFO - Calculated p. values for 10300 out of 17565 betas ...
2018-03-30 10:56:27,153 - INFO - Calculated p. values for 10400 out of 17565 betas ...
2018-03-30 10:56:33,283 - INFO - Calculated p. values for 10500 out of 17565 betas ...
2018-03-30 10:56:39,425 - INFO - Calculated p. values for 10600 out of 17565 betas ...
2018-03-30 10:56:45,574 - INFO - Calculated p. values for 10700 out of 17565 betas ...
2018-03-30 10:56:51,722 - INFO - Calculated p. values for 10800 out of 17565 betas ...
2018-03-30 10:56:57,829 - INFO - Calculated p. values for 10900 out of 17565 betas ...
2018-03-30 10:57:03,958 - INFO - Calculated p. values for 11000 out of 17565 betas ...
2018-03-30 10:57:10,043 - INFO - Calculated p. values for 11100 out of 17565 betas ...
2018-03-30 10:57:16,150 - INFO - Calculated p. values for 11200 out of 17565 betas ...
2018-03-30 10:57:22,311 - INFO - Calculated p. values for 11300 out of 17565 betas ...
2018-03-30 10:57:28,428 - INFO - Calculated p. values for 11400 out of 17565 betas ...
2018-03-30 10:57:34,550 - INFO - Calculated p. values for 11500 out of 17565 betas ...
2018-03-30 10:57:40,717 - INFO - Calculated p. values for 11600 out of 17565 betas ...
2018-03-30 10:57:46,871 - INFO - Calculated p. values for 11700 out of 17565 betas ...
2018-03-30 10:57:53,040 - INFO - Calculated p. values for 11800 out of 17565 betas ...
2018-03-30 10:57:59,213 - INFO - Calculated p. values for 11900 out of 17565 betas ...
2018-03-30 10:58:05,292 - INFO - Calculated p. values for 12000 out of 17565 betas ...
2018-03-30 10:58:11,412 - INFO - Calculated p. values for 12100 out of 17565 betas ...
2018-03-30 10:58:17,518 - INFO - Calculated p. values for 12200 out of 17565 betas ...
2018-03-30 10:58:23,615 - INFO - Calculated p. values for 12300 out of 17565 betas ...
2018-03-30 10:58:29,688 - INFO - Calculated p. values for 12400 out of 17565 betas ...
2018-03-30 10:58:35,762 - INFO - Calculated p. values for 12500 out of 17565 betas ...
2018-03-30 10:58:41,859 - INFO - Calculated p. values for 12600 out of 17565 betas ...
2018-03-30 10:58:47,992 - INFO - Calculated p. values for 12700 out of 17565 betas ...
2018-03-30 10:58:54,107 - INFO - Calculated p. values for 12800 out of 17565 betas ...
2018-03-30 10:59:00,236 - INFO - Calculated p. values for 12900 out of 17565 betas ...
2018-03-30 10:59:06,417 - INFO - Calculated p. values for 13000 out of 17565 betas ...
2018-03-30 10:59:12,512 - INFO - Calculated p. values for 13100 out of 17565 betas ...
2018-03-30 10:59:18,589 - INFO - Calculated p. values for 13200 out of 17565 betas ...
2018-03-30 10:59:24,686 - INFO - Calculated p. values for 13300 out of 17565 betas ...
2018-03-30 10:59:30,753 - INFO - Calculated p. values for 13400 out of 17565 betas ...
2018-03-30 10:59:36,884 - INFO - Calculated p. values for 13500 out of 17565 betas ...
2018-03-30 10:59:42,953 - INFO - Calculated p. values for 13600 out of 17565 betas ...
2018-03-30 10:59:49,071 - INFO - Calculated p. values for 13700 out of 17565 betas ...
2018-03-30 10:59:55,184 - INFO - Calculated p. values for 13800 out of 17565 betas ...
2018-03-30 11:00:01,305 - INFO - Calculated p. values for 13900 out of 17565 betas ...
2018-03-30 11:00:07,389 - INFO - Calculated p. values for 14000 out of 17565 betas ...
2018-03-30 11:00:13,469 - INFO - Calculated p. values for 14100 out of 17565 betas ...
2018-03-30 11:00:19,569 - INFO - Calculated p. values for 14200 out of 17565 betas ...
2018-03-30 11:00:25,796 - INFO - Calculated p. values for 14300 out of 17565 betas ...
2018-03-30 11:00:31,908 - INFO - Calculated p. values for 14400 out of 17565 betas ...
2018-03-30 11:00:38,014 - INFO - Calculated p. values for 14500 out of 17565 betas ...
2018-03-30 11:00:44,110 - INFO - Calculated p. values for 14600 out of 17565 betas ...
2018-03-30 11:00:50,217 - INFO - Calculated p. values for 14700 out of 17565 betas ...
2018-03-30 11:00:56,304 - INFO - Calculated p. values for 14800 out of 17565 betas ...
2018-03-30 11:01:02,372 - INFO - Calculated p. values for 14900 out of 17565 betas ...
2018-03-30 11:01:08,499 - INFO - Calculated p. values for 15000 out of 17565 betas ...
2018-03-30 11:01:14,603 - INFO - Calculated p. values for 15100 out of 17565 betas ...
2018-03-30 11:01:20,732 - INFO - Calculated p. values for 15200 out of 17565 betas ...
2018-03-30 11:01:26,863 - INFO - Calculated p. values for 15300 out of 17565 betas ...
2018-03-30 11:01:32,984 - INFO - Calculated p. values for 15400 out of 17565 betas ...
2018-03-30 11:01:39,140 - INFO - Calculated p. values for 15500 out of 17565 betas ...
2018-03-30 11:01:45,379 - INFO - Calculated p. values for 15600 out of 17565 betas ...
2018-03-30 11:01:51,502 - INFO - Calculated p. values for 15700 out of 17565 betas ...
2018-03-30 11:01:57,592 - INFO - Calculated p. values for 15800 out of 17565 betas ...
2018-03-30 11:02:03,676 - INFO - Calculated p. values for 15900 out of 17565 betas ...
2018-03-30 11:02:09,790 - INFO - Calculated p. values for 16000 out of 17565 betas ...
2018-03-30 11:02:15,905 - INFO - Calculated p. values for 16100 out of 17565 betas ...
2018-03-30 11:02:22,023 - INFO - Calculated p. values for 16200 out of 17565 betas ...
2018-03-30 11:02:28,100 - INFO - Calculated p. values for 16300 out of 17565 betas ...
2018-03-30 11:02:34,247 - INFO - Calculated p. values for 16400 out of 17565 betas ...
2018-03-30 11:02:40,327 - INFO - Calculated p. values for 16500 out of 17565 betas ...
2018-03-30 11:02:46,440 - INFO - Calculated p. values for 16600 out of 17565 betas ...
2018-03-30 11:02:52,530 - INFO - Calculated p. values for 16700 out of 17565 betas ...
2018-03-30 11:02:58,677 - INFO - Calculated p. values for 16800 out of 17565 betas ...
2018-03-30 11:03:04,863 - INFO - Calculated p. values for 16900 out of 17565 betas ...
2018-03-30 11:03:11,048 - INFO - Calculated p. values for 17000 out of 17565 betas ...
2018-03-30 11:03:17,335 - INFO - Calculated p. values for 17100 out of 17565 betas ...
2018-03-30 11:03:23,655 - INFO - Calculated p. values for 17200 out of 17565 betas ...
2018-03-30 11:03:30,345 - INFO - Calculated p. values for 17300 out of 17565 betas ...
2018-03-30 11:03:38,405 - INFO - Calculated p. values for 17400 out of 17565 betas ...
2018-03-30 11:03:46,449 - INFO - Calculated p. values for 17500 out of 17565 betas ...
2018-03-30 11:03:51,746 - INFO - Calculated p. values for 17565 out of 17565 betas ...
2018-03-30 11:03:53,579 - INFO - Estimating statistical power for 100 out of 17565 units ...
2018-03-30 11:03:55,488 - INFO - Estimating statistical power for 200 out of 17565 units ...
2018-03-30 11:03:57,378 - INFO - Estimating statistical power for 300 out of 17565 units ...
2018-03-30 11:03:59,180 - INFO - Estimating statistical power for 400 out of 17565 units ...
2018-03-30 11:04:01,015 - INFO - Estimating statistical power for 500 out of 17565 units ...
2018-03-30 11:04:02,855 - INFO - Estimating statistical power for 600 out of 17565 units ...
2018-03-30 11:04:04,623 - INFO - Estimating statistical power for 700 out of 17565 units ...
2018-03-30 11:04:06,378 - INFO - Estimating statistical power for 800 out of 17565 units ...
2018-03-30 11:04:08,142 - INFO - Estimating statistical power for 900 out of 17565 units ...
2018-03-30 11:04:09,955 - INFO - Estimating statistical power for 1000 out of 17565 units ...
2018-03-30 11:04:11,869 - INFO - Estimating statistical power for 1100 out of 17565 units ...
2018-03-30 11:04:13,755 - INFO - Estimating statistical power for 1200 out of 17565 units ...
2018-03-30 11:04:15,651 - INFO - Estimating statistical power for 1300 out of 17565 units ...
2018-03-30 11:04:17,542 - INFO - Estimating statistical power for 1400 out of 17565 units ...
2018-03-30 11:04:19,321 - INFO - Estimating statistical power for 1500 out of 17565 units ...
2018-03-30 11:04:21,139 - INFO - Estimating statistical power for 1600 out of 17565 units ...
2018-03-30 11:04:22,941 - INFO - Estimating statistical power for 1700 out of 17565 units ...
2018-03-30 11:04:24,806 - INFO - Estimating statistical power for 1800 out of 17565 units ...
2018-03-30 11:04:26,660 - INFO - Estimating statistical power for 1900 out of 17565 units ...
2018-03-30 11:04:28,491 - INFO - Estimating statistical power for 2000 out of 17565 units ...
2018-03-30 11:04:30,364 - INFO - Estimating statistical power for 2100 out of 17565 units ...
2018-03-30 11:04:32,148 - INFO - Estimating statistical power for 2200 out of 17565 units ...
2018-03-30 11:04:33,947 - INFO - Estimating statistical power for 2300 out of 17565 units ...
2018-03-30 11:04:35,754 - INFO - Estimating statistical power for 2400 out of 17565 units ...
2018-03-30 11:04:37,495 - INFO - Estimating statistical power for 2500 out of 17565 units ...
2018-03-30 11:04:39,274 - INFO - Estimating statistical power for 2600 out of 17565 units ...
2018-03-30 11:04:41,134 - INFO - Estimating statistical power for 2700 out of 17565 units ...
2018-03-30 11:04:42,984 - INFO - Estimating statistical power for 2800 out of 17565 units ...
2018-03-30 11:04:44,871 - INFO - Estimating statistical power for 2900 out of 17565 units ...
2018-03-30 11:04:46,590 - INFO - Estimating statistical power for 3000 out of 17565 units ...
2018-03-30 11:04:48,390 - INFO - Estimating statistical power for 3100 out of 17565 units ...
2018-03-30 11:04:50,222 - INFO - Estimating statistical power for 3200 out of 17565 units ...
2018-03-30 11:04:52,157 - INFO - Estimating statistical power for 3300 out of 17565 units ...
2018-03-30 11:04:54,010 - INFO - Estimating statistical power for 3400 out of 17565 units ...
2018-03-30 11:04:55,850 - INFO - Estimating statistical power for 3500 out of 17565 units ...
2018-03-30 11:04:59,607 - INFO - Estimating statistical power for 3600 out of 17565 units ...
2018-03-30 11:05:06,609 - INFO - Estimating statistical power for 3700 out of 17565 units ...
2018-03-30 11:05:08,396 - INFO - Estimating statistical power for 3800 out of 17565 units ...
2018-03-30 11:05:10,181 - INFO - Estimating statistical power for 3900 out of 17565 units ...
2018-03-30 11:05:11,990 - INFO - Estimating statistical power for 4000 out of 17565 units ...
2018-03-30 11:05:13,831 - INFO - Estimating statistical power for 4100 out of 17565 units ...
2018-03-30 11:05:15,588 - INFO - Estimating statistical power for 4200 out of 17565 units ...
2018-03-30 11:05:17,348 - INFO - Estimating statistical power for 4300 out of 17565 units ...
2018-03-30 11:05:19,112 - INFO - Estimating statistical power for 4400 out of 17565 units ...
2018-03-30 11:05:20,849 - INFO - Estimating statistical power for 4500 out of 17565 units ...
2018-03-30 11:05:22,696 - INFO - Estimating statistical power for 4600 out of 17565 units ...
2018-03-30 11:05:24,524 - INFO - Estimating statistical power for 4700 out of 17565 units ...
2018-03-30 11:05:26,259 - INFO - Estimating statistical power for 4800 out of 17565 units ...
2018-03-30 11:05:28,073 - INFO - Estimating statistical power for 4900 out of 17565 units ...
2018-03-30 11:05:29,874 - INFO - Estimating statistical power for 5000 out of 17565 units ...
2018-03-30 11:05:31,683 - INFO - Estimating statistical power for 5100 out of 17565 units ...
2018-03-30 11:05:33,448 - INFO - Estimating statistical power for 5200 out of 17565 units ...
2018-03-30 11:05:35,259 - INFO - Estimating statistical power for 5300 out of 17565 units ...
2018-03-30 11:05:37,062 - INFO - Estimating statistical power for 5400 out of 17565 units ...
2018-03-30 11:05:38,829 - INFO - Estimating statistical power for 5500 out of 17565 units ...
2018-03-30 11:05:40,682 - INFO - Estimating statistical power for 5600 out of 17565 units ...
2018-03-30 11:05:42,568 - INFO - Estimating statistical power for 5700 out of 17565 units ...
2018-03-30 11:05:44,280 - INFO - Estimating statistical power for 5800 out of 17565 units ...
2018-03-30 11:05:46,021 - INFO - Estimating statistical power for 5900 out of 17565 units ...
2018-03-30 11:05:47,849 - INFO - Estimating statistical power for 6000 out of 17565 units ...
2018-03-30 11:05:49,683 - INFO - Estimating statistical power for 6100 out of 17565 units ...
2018-03-30 11:05:51,436 - INFO - Estimating statistical power for 6200 out of 17565 units ...
2018-03-30 11:05:53,228 - INFO - Estimating statistical power for 6300 out of 17565 units ...
2018-03-30 11:05:54,992 - INFO - Estimating statistical power for 6400 out of 17565 units ...
2018-03-30 11:05:56,748 - INFO - Estimating statistical power for 6500 out of 17565 units ...
2018-03-30 11:05:58,627 - INFO - Estimating statistical power for 6600 out of 17565 units ...
2018-03-30 11:06:00,395 - INFO - Estimating statistical power for 6700 out of 17565 units ...
2018-03-30 11:06:02,196 - INFO - Estimating statistical power for 6800 out of 17565 units ...
2018-03-30 11:06:03,969 - INFO - Estimating statistical power for 6900 out of 17565 units ...
2018-03-30 11:06:05,660 - INFO - Estimating statistical power for 7000 out of 17565 units ...
2018-03-30 11:06:07,401 - INFO - Estimating statistical power for 7100 out of 17565 units ...
2018-03-30 11:06:09,223 - INFO - Estimating statistical power for 7200 out of 17565 units ...
2018-03-30 11:06:10,991 - INFO - Estimating statistical power for 7300 out of 17565 units ...
2018-03-30 11:06:12,755 - INFO - Estimating statistical power for 7400 out of 17565 units ...
2018-03-30 11:06:14,585 - INFO - Estimating statistical power for 7500 out of 17565 units ...
2018-03-30 11:06:16,476 - INFO - Estimating statistical power for 7600 out of 17565 units ...
2018-03-30 11:06:18,212 - INFO - Estimating statistical power for 7700 out of 17565 units ...
2018-03-30 11:06:19,939 - INFO - Estimating statistical power for 7800 out of 17565 units ...
2018-03-30 11:06:21,657 - INFO - Estimating statistical power for 7900 out of 17565 units ...
2018-03-30 11:06:28,600 - INFO - Estimating statistical power for 8000 out of 17565 units ...
2018-03-30 11:06:30,422 - INFO - Estimating statistical power for 8100 out of 17565 units ...
2018-03-30 11:06:32,219 - INFO - Estimating statistical power for 8200 out of 17565 units ...
2018-03-30 11:06:34,127 - INFO - Estimating statistical power for 8300 out of 17565 units ...
2018-03-30 11:06:35,997 - INFO - Estimating statistical power for 8400 out of 17565 units ...
2018-03-30 11:06:37,866 - INFO - Estimating statistical power for 8500 out of 17565 units ...
2018-03-30 11:06:39,741 - INFO - Estimating statistical power for 8600 out of 17565 units ...
2018-03-30 11:06:41,629 - INFO - Estimating statistical power for 8700 out of 17565 units ...
2018-03-30 11:06:43,531 - INFO - Estimating statistical power for 8800 out of 17565 units ...
2018-03-30 11:06:45,376 - INFO - Estimating statistical power for 8900 out of 17565 units ...
2018-03-30 11:06:47,333 - INFO - Estimating statistical power for 9000 out of 17565 units ...
2018-03-30 11:06:49,118 - INFO - Estimating statistical power for 9100 out of 17565 units ...
2018-03-30 11:06:50,835 - INFO - Estimating statistical power for 9200 out of 17565 units ...
2018-03-30 11:06:52,571 - INFO - Estimating statistical power for 9300 out of 17565 units ...
2018-03-30 11:06:54,454 - INFO - Estimating statistical power for 9400 out of 17565 units ...
2018-03-30 11:06:56,308 - INFO - Estimating statistical power for 9500 out of 17565 units ...
2018-03-30 11:06:58,115 - INFO - Estimating statistical power for 9600 out of 17565 units ...
2018-03-30 11:06:59,889 - INFO - Estimating statistical power for 9700 out of 17565 units ...
2018-03-30 11:07:01,659 - INFO - Estimating statistical power for 9800 out of 17565 units ...
2018-03-30 11:07:03,451 - INFO - Estimating statistical power for 9900 out of 17565 units ...
2018-03-30 11:07:05,185 - INFO - Estimating statistical power for 10000 out of 17565 units ...
2018-03-30 11:07:06,900 - INFO - Estimating statistical power for 10100 out of 17565 units ...
2018-03-30 11:07:08,664 - INFO - Estimating statistical power for 10200 out of 17565 units ...
2018-03-30 11:07:10,491 - INFO - Estimating statistical power for 10300 out of 17565 units ...
2018-03-30 11:07:12,304 - INFO - Estimating statistical power for 10400 out of 17565 units ...
2018-03-30 11:07:14,151 - INFO - Estimating statistical power for 10500 out of 17565 units ...
2018-03-30 11:07:16,074 - INFO - Estimating statistical power for 10600 out of 17565 units ...
2018-03-30 11:07:17,962 - INFO - Estimating statistical power for 10700 out of 17565 units ...
2018-03-30 11:07:19,892 - INFO - Estimating statistical power for 10800 out of 17565 units ...
2018-03-30 11:07:21,742 - INFO - Estimating statistical power for 10900 out of 17565 units ...
2018-03-30 11:07:23,645 - INFO - Estimating statistical power for 11000 out of 17565 units ...
2018-03-30 11:07:25,471 - INFO - Estimating statistical power for 11100 out of 17565 units ...
2018-03-30 11:07:27,268 - INFO - Estimating statistical power for 11200 out of 17565 units ...
2018-03-30 11:07:29,009 - INFO - Estimating statistical power for 11300 out of 17565 units ...
2018-03-30 11:07:30,932 - INFO - Estimating statistical power for 11400 out of 17565 units ...
2018-03-30 11:07:32,805 - INFO - Estimating statistical power for 11500 out of 17565 units ...
2018-03-30 11:07:34,663 - INFO - Estimating statistical power for 11600 out of 17565 units ...
2018-03-30 11:07:36,492 - INFO - Estimating statistical power for 11700 out of 17565 units ...
2018-03-30 11:07:38,322 - INFO - Estimating statistical power for 11800 out of 17565 units ...
2018-03-30 11:07:40,210 - INFO - Estimating statistical power for 11900 out of 17565 units ...
2018-03-30 11:07:42,043 - INFO - Estimating statistical power for 12000 out of 17565 units ...
2018-03-30 11:07:43,758 - INFO - Estimating statistical power for 12100 out of 17565 units ...
2018-03-30 11:07:45,537 - INFO - Estimating statistical power for 12200 out of 17565 units ...
2018-03-30 11:07:52,956 - INFO - Estimating statistical power for 12300 out of 17565 units ...
2018-03-30 11:07:54,806 - INFO - Estimating statistical power for 12400 out of 17565 units ...
2018-03-30 11:07:56,658 - INFO - Estimating statistical power for 12500 out of 17565 units ...
2018-03-30 11:07:58,498 - INFO - Estimating statistical power for 12600 out of 17565 units ...
2018-03-30 11:08:00,363 - INFO - Estimating statistical power for 12700 out of 17565 units ...
2018-03-30 11:08:02,253 - INFO - Estimating statistical power for 12800 out of 17565 units ...
2018-03-30 11:08:04,118 - INFO - Estimating statistical power for 12900 out of 17565 units ...
2018-03-30 11:08:05,946 - INFO - Estimating statistical power for 13000 out of 17565 units ...
2018-03-30 11:08:07,816 - INFO - Estimating statistical power for 13100 out of 17565 units ...
2018-03-30 11:08:09,620 - INFO - Estimating statistical power for 13200 out of 17565 units ...
2018-03-30 11:08:11,475 - INFO - Estimating statistical power for 13300 out of 17565 units ...
2018-03-30 11:08:13,393 - INFO - Estimating statistical power for 13400 out of 17565 units ...
2018-03-30 11:08:15,299 - INFO - Estimating statistical power for 13500 out of 17565 units ...
2018-03-30 11:08:17,193 - INFO - Estimating statistical power for 13600 out of 17565 units ...
2018-03-30 11:08:19,114 - INFO - Estimating statistical power for 13700 out of 17565 units ...
2018-03-30 11:08:20,921 - INFO - Estimating statistical power for 13800 out of 17565 units ...
2018-03-30 11:08:22,678 - INFO - Estimating statistical power for 13900 out of 17565 units ...
2018-03-30 11:08:24,516 - INFO - Estimating statistical power for 14000 out of 17565 units ...
2018-03-30 11:08:26,391 - INFO - Estimating statistical power for 14100 out of 17565 units ...
2018-03-30 11:08:28,255 - INFO - Estimating statistical power for 14200 out of 17565 units ...
2018-03-30 11:08:30,095 - INFO - Estimating statistical power for 14300 out of 17565 units ...
2018-03-30 11:08:31,944 - INFO - Estimating statistical power for 14400 out of 17565 units ...
2018-03-30 11:08:33,664 - INFO - Estimating statistical power for 14500 out of 17565 units ...
2018-03-30 11:08:35,452 - INFO - Estimating statistical power for 14600 out of 17565 units ...
2018-03-30 11:08:37,297 - INFO - Estimating statistical power for 14700 out of 17565 units ...
2018-03-30 11:08:39,091 - INFO - Estimating statistical power for 14800 out of 17565 units ...
2018-03-30 11:08:40,893 - INFO - Estimating statistical power for 14900 out of 17565 units ...
2018-03-30 11:08:42,664 - INFO - Estimating statistical power for 15000 out of 17565 units ...
2018-03-30 11:08:44,500 - INFO - Estimating statistical power for 15100 out of 17565 units ...
2018-03-30 11:08:46,175 - INFO - Estimating statistical power for 15200 out of 17565 units ...
2018-03-30 11:08:47,796 - INFO - Estimating statistical power for 15300 out of 17565 units ...
2018-03-30 11:08:49,474 - INFO - Estimating statistical power for 15400 out of 17565 units ...
2018-03-30 11:08:51,162 - INFO - Estimating statistical power for 15500 out of 17565 units ...
2018-03-30 11:08:52,847 - INFO - Estimating statistical power for 15600 out of 17565 units ...
2018-03-30 11:08:54,572 - INFO - Estimating statistical power for 15700 out of 17565 units ...
2018-03-30 11:08:56,426 - INFO - Estimating statistical power for 15800 out of 17565 units ...
2018-03-30 11:08:58,233 - INFO - Estimating statistical power for 15900 out of 17565 units ...
2018-03-30 11:08:59,815 - INFO - Estimating statistical power for 16000 out of 17565 units ...
2018-03-30 11:09:01,394 - INFO - Estimating statistical power for 16100 out of 17565 units ...
2018-03-30 11:09:02,962 - INFO - Estimating statistical power for 16200 out of 17565 units ...
2018-03-30 11:09:04,657 - INFO - Estimating statistical power for 16300 out of 17565 units ...
2018-03-30 11:09:06,268 - INFO - Estimating statistical power for 16400 out of 17565 units ...
2018-03-30 11:09:07,907 - INFO - Estimating statistical power for 16500 out of 17565 units ...
2018-03-30 11:09:14,462 - INFO - Estimating statistical power for 16600 out of 17565 units ...
2018-03-30 11:09:16,063 - INFO - Estimating statistical power for 16700 out of 17565 units ...
2018-03-30 11:09:17,650 - INFO - Estimating statistical power for 16800 out of 17565 units ...
2018-03-30 11:09:19,353 - INFO - Estimating statistical power for 16900 out of 17565 units ...
2018-03-30 11:09:21,120 - INFO - Estimating statistical power for 17000 out of 17565 units ...
2018-03-30 11:09:22,864 - INFO - Estimating statistical power for 17100 out of 17565 units ...
2018-03-30 11:09:24,539 - INFO - Estimating statistical power for 17200 out of 17565 units ...
2018-03-30 11:09:26,279 - INFO - Estimating statistical power for 17300 out of 17565 units ...
2018-03-30 11:09:27,967 - INFO - Estimating statistical power for 17400 out of 17565 units ...
2018-03-30 11:09:29,555 - INFO - Estimating statistical power for 17500 out of 17565 units ...
2018-03-30 11:09:30,561 - INFO - Estimating statistical power for 17565 out of 17565 units ...
2018-03-30 11:09:33,783 - INFO - Calculated statistical power for 100 out of 17565 betas ...
2018-03-30 11:09:37,000 - INFO - Calculated statistical power for 200 out of 17565 betas ...
2018-03-30 11:09:40,201 - INFO - Calculated statistical power for 300 out of 17565 betas ...
2018-03-30 11:09:43,418 - INFO - Calculated statistical power for 400 out of 17565 betas ...
2018-03-30 11:09:46,616 - INFO - Calculated statistical power for 500 out of 17565 betas ...
2018-03-30 11:09:49,834 - INFO - Calculated statistical power for 600 out of 17565 betas ...
2018-03-30 11:09:53,038 - INFO - Calculated statistical power for 700 out of 17565 betas ...
2018-03-30 11:09:56,245 - INFO - Calculated statistical power for 800 out of 17565 betas ...
2018-03-30 11:09:59,449 - INFO - Calculated statistical power for 900 out of 17565 betas ...
2018-03-30 11:10:02,675 - INFO - Calculated statistical power for 1000 out of 17565 betas ...
2018-03-30 11:10:05,875 - INFO - Calculated statistical power for 1100 out of 17565 betas ...
2018-03-30 11:10:09,080 - INFO - Calculated statistical power for 1200 out of 17565 betas ...
2018-03-30 11:10:12,296 - INFO - Calculated statistical power for 1300 out of 17565 betas ...
2018-03-30 11:10:15,504 - INFO - Calculated statistical power for 1400 out of 17565 betas ...
2018-03-30 11:10:18,738 - INFO - Calculated statistical power for 1500 out of 17565 betas ...
2018-03-30 11:10:21,960 - INFO - Calculated statistical power for 1600 out of 17565 betas ...
2018-03-30 11:10:25,168 - INFO - Calculated statistical power for 1700 out of 17565 betas ...
2018-03-30 11:10:28,368 - INFO - Calculated statistical power for 1800 out of 17565 betas ...
2018-03-30 11:10:31,577 - INFO - Calculated statistical power for 1900 out of 17565 betas ...
2018-03-30 11:10:34,787 - INFO - Calculated statistical power for 2000 out of 17565 betas ...
2018-03-30 11:10:37,999 - INFO - Calculated statistical power for 2100 out of 17565 betas ...
2018-03-30 11:10:41,225 - INFO - Calculated statistical power for 2200 out of 17565 betas ...
2018-03-30 11:10:44,448 - INFO - Calculated statistical power for 2300 out of 17565 betas ...
2018-03-30 11:10:47,662 - INFO - Calculated statistical power for 2400 out of 17565 betas ...
2018-03-30 11:10:50,863 - INFO - Calculated statistical power for 2500 out of 17565 betas ...
2018-03-30 11:10:54,076 - INFO - Calculated statistical power for 2600 out of 17565 betas ...
2018-03-30 11:10:57,302 - INFO - Calculated statistical power for 2700 out of 17565 betas ...
2018-03-30 11:11:00,510 - INFO - Calculated statistical power for 2800 out of 17565 betas ...
2018-03-30 11:11:03,727 - INFO - Calculated statistical power for 2900 out of 17565 betas ...
2018-03-30 11:11:06,935 - INFO - Calculated statistical power for 3000 out of 17565 betas ...
2018-03-30 11:11:10,156 - INFO - Calculated statistical power for 3100 out of 17565 betas ...
2018-03-30 11:11:13,369 - INFO - Calculated statistical power for 3200 out of 17565 betas ...
2018-03-30 11:11:16,599 - INFO - Calculated statistical power for 3300 out of 17565 betas ...
2018-03-30 11:11:19,815 - INFO - Calculated statistical power for 3400 out of 17565 betas ...
2018-03-30 11:11:23,023 - INFO - Calculated statistical power for 3500 out of 17565 betas ...
2018-03-30 11:11:26,231 - INFO - Calculated statistical power for 3600 out of 17565 betas ...
2018-03-30 11:11:29,449 - INFO - Calculated statistical power for 3700 out of 17565 betas ...
2018-03-30 11:11:32,658 - INFO - Calculated statistical power for 3800 out of 17565 betas ...
2018-03-30 11:11:35,861 - INFO - Calculated statistical power for 3900 out of 17565 betas ...
2018-03-30 11:11:39,066 - INFO - Calculated statistical power for 4000 out of 17565 betas ...
2018-03-30 11:11:42,284 - INFO - Calculated statistical power for 4100 out of 17565 betas ...
2018-03-30 11:11:45,509 - INFO - Calculated statistical power for 4200 out of 17565 betas ...
2018-03-30 11:11:48,705 - INFO - Calculated statistical power for 4300 out of 17565 betas ...
2018-03-30 11:11:51,909 - INFO - Calculated statistical power for 4400 out of 17565 betas ...
2018-03-30 11:11:55,127 - INFO - Calculated statistical power for 4500 out of 17565 betas ...
2018-03-30 11:11:58,341 - INFO - Calculated statistical power for 4600 out of 17565 betas ...
2018-03-30 11:12:01,561 - INFO - Calculated statistical power for 4700 out of 17565 betas ...
2018-03-30 11:12:04,781 - INFO - Calculated statistical power for 4800 out of 17565 betas ...
2018-03-30 11:12:07,940 - INFO - Calculated statistical power for 4900 out of 17565 betas ...
2018-03-30 11:12:12,279 - INFO - Calculated statistical power for 5000 out of 17565 betas ...
2018-03-30 11:12:15,510 - INFO - Calculated statistical power for 5100 out of 17565 betas ...
2018-03-30 11:12:18,730 - INFO - Calculated statistical power for 5200 out of 17565 betas ...
2018-03-30 11:12:21,942 - INFO - Calculated statistical power for 5300 out of 17565 betas ...
2018-03-30 11:12:25,162 - INFO - Calculated statistical power for 5400 out of 17565 betas ...
2018-03-30 11:12:28,372 - INFO - Calculated statistical power for 5500 out of 17565 betas ...
2018-03-30 11:12:31,588 - INFO - Calculated statistical power for 5600 out of 17565 betas ...
2018-03-30 11:12:34,825 - INFO - Calculated statistical power for 5700 out of 17565 betas ...
2018-03-30 11:12:38,057 - INFO - Calculated statistical power for 5800 out of 17565 betas ...
2018-03-30 11:12:41,281 - INFO - Calculated statistical power for 5900 out of 17565 betas ...
2018-03-30 11:12:44,503 - INFO - Calculated statistical power for 6000 out of 17565 betas ...
2018-03-30 11:12:47,727 - INFO - Calculated statistical power for 6100 out of 17565 betas ...
2018-03-30 11:12:50,961 - INFO - Calculated statistical power for 6200 out of 17565 betas ...
2018-03-30 11:12:54,397 - INFO - Calculated statistical power for 6300 out of 17565 betas ...
2018-03-30 11:12:58,308 - INFO - Calculated statistical power for 6400 out of 17565 betas ...
2018-03-30 11:13:01,512 - INFO - Calculated statistical power for 6500 out of 17565 betas ...
2018-03-30 11:13:04,672 - INFO - Calculated statistical power for 6600 out of 17565 betas ...
2018-03-30 11:13:07,826 - INFO - Calculated statistical power for 6700 out of 17565 betas ...
2018-03-30 11:13:11,017 - INFO - Calculated statistical power for 6800 out of 17565 betas ...
2018-03-30 11:13:14,185 - INFO - Calculated statistical power for 6900 out of 17565 betas ...
2018-03-30 11:13:17,374 - INFO - Calculated statistical power for 7000 out of 17565 betas ...
2018-03-30 11:13:20,535 - INFO - Calculated statistical power for 7100 out of 17565 betas ...
2018-03-30 11:13:23,706 - INFO - Calculated statistical power for 7200 out of 17565 betas ...
2018-03-30 11:13:26,860 - INFO - Calculated statistical power for 7300 out of 17565 betas ...
2018-03-30 11:13:30,016 - INFO - Calculated statistical power for 7400 out of 17565 betas ...
2018-03-30 11:13:33,189 - INFO - Calculated statistical power for 7500 out of 17565 betas ...
2018-03-30 11:13:36,359 - INFO - Calculated statistical power for 7600 out of 17565 betas ...
2018-03-30 11:13:39,524 - INFO - Calculated statistical power for 7700 out of 17565 betas ...
2018-03-30 11:13:42,707 - INFO - Calculated statistical power for 7800 out of 17565 betas ...
2018-03-30 11:13:45,877 - INFO - Calculated statistical power for 7900 out of 17565 betas ...
2018-03-30 11:13:49,059 - INFO - Calculated statistical power for 8000 out of 17565 betas ...
2018-03-30 11:13:52,243 - INFO - Calculated statistical power for 8100 out of 17565 betas ...
2018-03-30 11:13:55,417 - INFO - Calculated statistical power for 8200 out of 17565 betas ...
2018-03-30 11:13:58,602 - INFO - Calculated statistical power for 8300 out of 17565 betas ...
2018-03-30 11:14:01,774 - INFO - Calculated statistical power for 8400 out of 17565 betas ...
2018-03-30 11:14:04,956 - INFO - Calculated statistical power for 8500 out of 17565 betas ...
2018-03-30 11:14:08,152 - INFO - Calculated statistical power for 8600 out of 17565 betas ...
2018-03-30 11:14:11,347 - INFO - Calculated statistical power for 8700 out of 17565 betas ...
2018-03-30 11:14:14,506 - INFO - Calculated statistical power for 8800 out of 17565 betas ...
2018-03-30 11:14:17,659 - INFO - Calculated statistical power for 8900 out of 17565 betas ...
2018-03-30 11:14:20,840 - INFO - Calculated statistical power for 9000 out of 17565 betas ...
2018-03-30 11:14:24,209 - INFO - Calculated statistical power for 9100 out of 17565 betas ...
2018-03-30 11:14:27,437 - INFO - Calculated statistical power for 9200 out of 17565 betas ...
2018-03-30 11:14:30,716 - INFO - Calculated statistical power for 9300 out of 17565 betas ...
2018-03-30 11:14:34,019 - INFO - Calculated statistical power for 9400 out of 17565 betas ...
2018-03-30 11:14:37,324 - INFO - Calculated statistical power for 9500 out of 17565 betas ...
2018-03-30 11:14:40,626 - INFO - Calculated statistical power for 9600 out of 17565 betas ...
2018-03-30 11:14:43,931 - INFO - Calculated statistical power for 9700 out of 17565 betas ...
2018-03-30 11:14:47,258 - INFO - Calculated statistical power for 9800 out of 17565 betas ...
2018-03-30 11:14:50,569 - INFO - Calculated statistical power for 9900 out of 17565 betas ...
2018-03-30 11:14:53,871 - INFO - Calculated statistical power for 10000 out of 17565 betas ...
2018-03-30 11:14:57,174 - INFO - Calculated statistical power for 10100 out of 17565 betas ...
2018-03-30 11:15:00,483 - INFO - Calculated statistical power for 10200 out of 17565 betas ...
2018-03-30 11:15:03,792 - INFO - Calculated statistical power for 10300 out of 17565 betas ...
2018-03-30 11:15:07,092 - INFO - Calculated statistical power for 10400 out of 17565 betas ...
2018-03-30 11:15:10,399 - INFO - Calculated statistical power for 10500 out of 17565 betas ...
2018-03-30 11:15:13,711 - INFO - Calculated statistical power for 10600 out of 17565 betas ...
2018-03-30 11:15:17,014 - INFO - Calculated statistical power for 10700 out of 17565 betas ...
2018-03-30 11:15:20,320 - INFO - Calculated statistical power for 10800 out of 17565 betas ...
2018-03-30 11:15:23,630 - INFO - Calculated statistical power for 10900 out of 17565 betas ...
2018-03-30 11:15:26,949 - INFO - Calculated statistical power for 11000 out of 17565 betas ...
2018-03-30 11:15:30,274 - INFO - Calculated statistical power for 11100 out of 17565 betas ...
2018-03-30 11:15:33,590 - INFO - Calculated statistical power for 11200 out of 17565 betas ...
2018-03-30 11:15:36,904 - INFO - Calculated statistical power for 11300 out of 17565 betas ...
2018-03-30 11:15:40,216 - INFO - Calculated statistical power for 11400 out of 17565 betas ...
2018-03-30 11:15:43,525 - INFO - Calculated statistical power for 11500 out of 17565 betas ...
2018-03-30 11:15:46,832 - INFO - Calculated statistical power for 11600 out of 17565 betas ...
2018-03-30 11:15:50,138 - INFO - Calculated statistical power for 11700 out of 17565 betas ...
2018-03-30 11:15:53,442 - INFO - Calculated statistical power for 11800 out of 17565 betas ...
2018-03-30 11:15:56,740 - INFO - Calculated statistical power for 11900 out of 17565 betas ...
2018-03-30 11:16:00,048 - INFO - Calculated statistical power for 12000 out of 17565 betas ...
2018-03-30 11:16:03,351 - INFO - Calculated statistical power for 12100 out of 17565 betas ...
2018-03-30 11:16:06,656 - INFO - Calculated statistical power for 12200 out of 17565 betas ...
2018-03-30 11:16:09,960 - INFO - Calculated statistical power for 12300 out of 17565 betas ...
2018-03-30 11:16:13,265 - INFO - Calculated statistical power for 12400 out of 17565 betas ...
2018-03-30 11:16:16,567 - INFO - Calculated statistical power for 12500 out of 17565 betas ...
2018-03-30 11:16:19,868 - INFO - Calculated statistical power for 12600 out of 17565 betas ...
2018-03-30 11:16:23,174 - INFO - Calculated statistical power for 12700 out of 17565 betas ...
2018-03-30 11:16:26,487 - INFO - Calculated statistical power for 12800 out of 17565 betas ...
2018-03-30 11:16:29,793 - INFO - Calculated statistical power for 12900 out of 17565 betas ...
2018-03-30 11:16:33,100 - INFO - Calculated statistical power for 13000 out of 17565 betas ...
2018-03-30 11:16:36,404 - INFO - Calculated statistical power for 13100 out of 17565 betas ...
2018-03-30 11:16:39,707 - INFO - Calculated statistical power for 13200 out of 17565 betas ...
2018-03-30 11:16:43,008 - INFO - Calculated statistical power for 13300 out of 17565 betas ...
2018-03-30 11:16:46,309 - INFO - Calculated statistical power for 13400 out of 17565 betas ...
2018-03-30 11:16:49,615 - INFO - Calculated statistical power for 13500 out of 17565 betas ...
2018-03-30 11:16:52,921 - INFO - Calculated statistical power for 13600 out of 17565 betas ...
2018-03-30 11:16:56,223 - INFO - Calculated statistical power for 13700 out of 17565 betas ...
2018-03-30 11:16:59,525 - INFO - Calculated statistical power for 13800 out of 17565 betas ...
2018-03-30 11:17:02,826 - INFO - Calculated statistical power for 13900 out of 17565 betas ...
2018-03-30 11:17:06,128 - INFO - Calculated statistical power for 14000 out of 17565 betas ...
2018-03-30 11:17:09,439 - INFO - Calculated statistical power for 14100 out of 17565 betas ...
2018-03-30 11:17:12,742 - INFO - Calculated statistical power for 14200 out of 17565 betas ...
2018-03-30 11:17:16,046 - INFO - Calculated statistical power for 14300 out of 17565 betas ...
2018-03-30 11:17:19,342 - INFO - Calculated statistical power for 14400 out of 17565 betas ...
2018-03-30 11:17:22,638 - INFO - Calculated statistical power for 14500 out of 17565 betas ...
2018-03-30 11:17:25,942 - INFO - Calculated statistical power for 14600 out of 17565 betas ...
2018-03-30 11:17:29,252 - INFO - Calculated statistical power for 14700 out of 17565 betas ...
2018-03-30 11:17:32,543 - INFO - Calculated statistical power for 14800 out of 17565 betas ...
2018-03-30 11:17:35,842 - INFO - Calculated statistical power for 14900 out of 17565 betas ...
2018-03-30 11:17:39,143 - INFO - Calculated statistical power for 15000 out of 17565 betas ...
2018-03-30 11:17:42,444 - INFO - Calculated statistical power for 15100 out of 17565 betas ...
2018-03-30 11:17:45,747 - INFO - Calculated statistical power for 15200 out of 17565 betas ...
2018-03-30 11:17:49,040 - INFO - Calculated statistical power for 15300 out of 17565 betas ...
2018-03-30 11:17:52,339 - INFO - Calculated statistical power for 15400 out of 17565 betas ...
2018-03-30 11:17:55,653 - INFO - Calculated statistical power for 15500 out of 17565 betas ...
2018-03-30 11:17:58,979 - INFO - Calculated statistical power for 15600 out of 17565 betas ...
2018-03-30 11:18:02,282 - INFO - Calculated statistical power for 15700 out of 17565 betas ...
2018-03-30 11:18:05,583 - INFO - Calculated statistical power for 15800 out of 17565 betas ...
2018-03-30 11:18:08,884 - INFO - Calculated statistical power for 15900 out of 17565 betas ...
2018-03-30 11:18:12,186 - INFO - Calculated statistical power for 16000 out of 17565 betas ...
2018-03-30 11:18:15,483 - INFO - Calculated statistical power for 16100 out of 17565 betas ...
2018-03-30 11:18:18,796 - INFO - Calculated statistical power for 16200 out of 17565 betas ...
2018-03-30 11:18:22,104 - INFO - Calculated statistical power for 16300 out of 17565 betas ...
2018-03-30 11:18:25,405 - INFO - Calculated statistical power for 16400 out of 17565 betas ...
2018-03-30 11:18:28,700 - INFO - Calculated statistical power for 16500 out of 17565 betas ...
2018-03-30 11:18:32,009 - INFO - Calculated statistical power for 16600 out of 17565 betas ...
2018-03-30 11:18:35,308 - INFO - Calculated statistical power for 16700 out of 17565 betas ...
2018-03-30 11:18:38,604 - INFO - Calculated statistical power for 16800 out of 17565 betas ...
2018-03-30 11:18:41,912 - INFO - Calculated statistical power for 16900 out of 17565 betas ...
2018-03-30 11:18:45,219 - INFO - Calculated statistical power for 17000 out of 17565 betas ...
2018-03-30 11:18:48,522 - INFO - Calculated statistical power for 17100 out of 17565 betas ...
2018-03-30 11:18:51,825 - INFO - Calculated statistical power for 17200 out of 17565 betas ...
2018-03-30 11:18:55,131 - INFO - Calculated statistical power for 17300 out of 17565 betas ...
2018-03-30 11:18:58,436 - INFO - Calculated statistical power for 17400 out of 17565 betas ...
2018-03-30 11:19:01,740 - INFO - Calculated statistical power for 17500 out of 17565 betas ...
2018-03-30 11:19:24,063 - INFO - Finished simulations to assess statistical significance of deconvolution profile ...
2018-03-30 11:19:25,557 - INFO - Successfully updated sgRNA summary table ...
2018-03-30 11:19:25,722 - INFO - Successfully created beta profile file ...
2018-03-30 11:19:25,798 - INFO - Successfully created significant regions file ...
2018-03-30 11:19:42,997 - INFO - Successfully created IGV tracks ...
