2018-04-17 23:36:03,521 - INFO - Performing argument handling and setting defaults when necessary ...
2018-04-17 23:36:03,522 - INFO - The characteristic perturbation range parameter is set to default 200 bps based on CRISPRi/a perturbation ...
2018-04-17 23:36:03,522 - INFO - The limit parameter is set to default 300 bps based on CRISPRi/CRISPRa perturbation ...
2018-04-17 23:36:03,522 - INFO - The scale parameter is set to 20 based on the characteristic perturbation range parameter of 200 bp ...
2018-04-17 23:36:03,522 - INFO - The p adj. cut-off list is set to [0.05] ...
2018-04-17 23:36:03,522 - INFO - The gamma list parameter is set to [1.0, 1.5, 2.0, 4.0, 6.0, 8.0, 10.0, 12.0, 14.0, 16.0, 18.0, 20.0, 30.0, 40.0, 50.0, 60.0, 70.0, 80.0, 100.0, 150.0, 200.0, 250.0, 300.0, 350.0, 400.0, 450.0, 500.0] based on the characteristic perturbation range parameter of 200 bps ...
2018-04-17 23:36:03,522 - INFO - Finished argument handling and setting defaults when necessary ...
2018-04-17 23:36:03,552 - INFO - Input sgRNA summary dataframe successfully loaded ...
2018-04-17 23:36:03,552 - INFO - Deconvolving CRISPR tiling screen signal for biological replicates ...
2018-04-17 23:36:03,558 - INFO - Deconvolving signal for Replicate 1
2018-04-17 23:36:44,438 - INFO - Deconvolving signal for Replicate 2
2018-04-17 23:37:23,583 - INFO - Successfully deconvolved all biological replicates ...
2018-04-17 23:37:23,606 - INFO - Identified gamma range to be used for downstream deconvolution statistics
2018-04-17 23:37:23,996 - INFO - Combined all biological replicates into single deconvolution profile for downstream statistics ...
2018-04-17 23:37:24,030 - INFO - Performing 10000 simulations to construct beta null distributions ...
2018-04-17 23:44:25,244 - INFO - Simulation 100 out of 10000 ...
2018-04-17 23:51:43,318 - INFO - Simulation 200 out of 10000 ...
2018-04-17 23:59:03,613 - INFO - Simulation 300 out of 10000 ...
2018-04-18 00:06:24,532 - INFO - Simulation 400 out of 10000 ...
2018-04-18 00:13:46,504 - INFO - Simulation 500 out of 10000 ...
2018-04-18 00:21:39,595 - INFO - Simulation 600 out of 10000 ...
2018-04-18 00:29:30,332 - INFO - Simulation 700 out of 10000 ...
2018-04-18 00:37:25,258 - INFO - Simulation 800 out of 10000 ...
2018-04-18 00:45:19,489 - INFO - Simulation 900 out of 10000 ...
2018-04-18 00:53:12,098 - INFO - Simulation 1000 out of 10000 ...
2018-04-18 01:01:08,231 - INFO - Simulation 1100 out of 10000 ...
2018-04-18 01:09:04,382 - INFO - Simulation 1200 out of 10000 ...
2018-04-18 01:16:59,926 - INFO - Simulation 1300 out of 10000 ...
2018-04-18 01:24:57,689 - INFO - Simulation 1400 out of 10000 ...
2018-04-18 01:32:54,848 - INFO - Simulation 1500 out of 10000 ...
2018-04-18 01:40:48,910 - INFO - Simulation 1600 out of 10000 ...
2018-04-18 01:48:42,130 - INFO - Simulation 1700 out of 10000 ...
2018-04-18 01:56:34,675 - INFO - Simulation 1800 out of 10000 ...
2018-04-18 02:04:29,797 - INFO - Simulation 1900 out of 10000 ...
2018-04-18 02:12:26,770 - INFO - Simulation 2000 out of 10000 ...
2018-04-18 02:20:19,120 - INFO - Simulation 2100 out of 10000 ...
2018-04-18 02:28:13,823 - INFO - Simulation 2200 out of 10000 ...
2018-04-18 02:36:08,896 - INFO - Simulation 2300 out of 10000 ...
2018-04-18 02:44:02,792 - INFO - Simulation 2400 out of 10000 ...
2018-04-18 02:51:58,110 - INFO - Simulation 2500 out of 10000 ...
2018-04-18 02:59:53,204 - INFO - Simulation 2600 out of 10000 ...
2018-04-18 03:07:50,759 - INFO - Simulation 2700 out of 10000 ...
2018-04-18 03:15:49,855 - INFO - Simulation 2800 out of 10000 ...
2018-04-18 03:23:48,312 - INFO - Simulation 2900 out of 10000 ...
2018-04-18 03:31:45,835 - INFO - Simulation 3000 out of 10000 ...
2018-04-18 03:39:41,263 - INFO - Simulation 3100 out of 10000 ...
2018-04-18 03:47:36,736 - INFO - Simulation 3200 out of 10000 ...
2018-04-18 03:55:30,580 - INFO - Simulation 3300 out of 10000 ...
2018-04-18 04:03:26,001 - INFO - Simulation 3400 out of 10000 ...
2018-04-18 04:11:20,006 - INFO - Simulation 3500 out of 10000 ...
2018-04-18 04:19:18,727 - INFO - Simulation 3600 out of 10000 ...
2018-04-18 04:27:20,372 - INFO - Simulation 3700 out of 10000 ...
2018-04-18 04:35:22,308 - INFO - Simulation 3800 out of 10000 ...
2018-04-18 04:43:25,607 - INFO - Simulation 3900 out of 10000 ...
2018-04-18 04:51:31,088 - INFO - Simulation 4000 out of 10000 ...
2018-04-18 04:59:38,292 - INFO - Simulation 4100 out of 10000 ...
2018-04-18 05:07:40,550 - INFO - Simulation 4200 out of 10000 ...
2018-04-18 05:15:42,626 - INFO - Simulation 4300 out of 10000 ...
2018-04-18 05:23:41,585 - INFO - Simulation 4400 out of 10000 ...
2018-04-18 05:31:41,743 - INFO - Simulation 4500 out of 10000 ...
2018-04-18 05:39:56,148 - INFO - Simulation 4600 out of 10000 ...
2018-04-18 05:47:34,508 - INFO - Simulation 4700 out of 10000 ...
2018-04-18 05:55:16,058 - INFO - Simulation 4800 out of 10000 ...
2018-04-18 06:02:56,124 - INFO - Simulation 4900 out of 10000 ...
2018-04-18 06:10:39,083 - INFO - Simulation 5000 out of 10000 ...
2018-04-18 06:18:20,827 - INFO - Simulation 5100 out of 10000 ...
2018-04-18 06:25:41,660 - INFO - Simulation 5200 out of 10000 ...
2018-04-18 06:33:09,734 - INFO - Simulation 5300 out of 10000 ...
2018-04-18 06:40:34,864 - INFO - Simulation 5400 out of 10000 ...
2018-04-18 06:48:08,080 - INFO - Simulation 5500 out of 10000 ...
2018-04-18 06:55:36,636 - INFO - Simulation 5600 out of 10000 ...
2018-04-18 07:03:06,271 - INFO - Simulation 5700 out of 10000 ...
2018-04-18 07:10:31,115 - INFO - Simulation 5800 out of 10000 ...
2018-04-18 07:18:05,074 - INFO - Simulation 5900 out of 10000 ...
2018-04-18 07:25:34,564 - INFO - Simulation 6000 out of 10000 ...
2018-04-18 07:33:07,482 - INFO - Simulation 6100 out of 10000 ...
2018-04-18 07:40:41,124 - INFO - Simulation 6200 out of 10000 ...
2018-04-18 07:48:15,812 - INFO - Simulation 6300 out of 10000 ...
2018-04-18 07:55:51,233 - INFO - Simulation 6400 out of 10000 ...
2018-04-18 08:03:24,576 - INFO - Simulation 6500 out of 10000 ...
2018-04-18 08:10:49,689 - INFO - Simulation 6600 out of 10000 ...
2018-04-18 08:18:18,761 - INFO - Simulation 6700 out of 10000 ...
2018-04-18 08:25:58,030 - INFO - Simulation 6800 out of 10000 ...
2018-04-18 08:33:48,207 - INFO - Simulation 6900 out of 10000 ...
2018-04-18 08:41:29,706 - INFO - Simulation 7000 out of 10000 ...
2018-04-18 08:49:03,856 - INFO - Simulation 7100 out of 10000 ...
2018-04-18 08:56:35,529 - INFO - Simulation 7200 out of 10000 ...
2018-04-18 09:04:06,661 - INFO - Simulation 7300 out of 10000 ...
2018-04-18 09:11:36,808 - INFO - Simulation 7400 out of 10000 ...
2018-04-18 09:19:05,571 - INFO - Simulation 7500 out of 10000 ...
2018-04-18 09:26:32,642 - INFO - Simulation 7600 out of 10000 ...
2018-04-18 09:34:04,047 - INFO - Simulation 7700 out of 10000 ...
2018-04-18 09:41:34,766 - INFO - Simulation 7800 out of 10000 ...
2018-04-18 09:49:01,429 - INFO - Simulation 7900 out of 10000 ...
2018-04-18 09:56:29,185 - INFO - Simulation 8000 out of 10000 ...
2018-04-18 10:03:57,744 - INFO - Simulation 8100 out of 10000 ...
2018-04-18 10:11:30,694 - INFO - Simulation 8200 out of 10000 ...
2018-04-18 10:19:04,824 - INFO - Simulation 8300 out of 10000 ...
2018-04-18 10:26:27,305 - INFO - Simulation 8400 out of 10000 ...
2018-04-18 10:33:52,616 - INFO - Simulation 8500 out of 10000 ...
2018-04-18 10:41:23,280 - INFO - Simulation 8600 out of 10000 ...
2018-04-18 10:48:50,560 - INFO - Simulation 8700 out of 10000 ...
2018-04-18 10:56:30,827 - INFO - Simulation 8800 out of 10000 ...
2018-04-18 11:04:12,442 - INFO - Simulation 8900 out of 10000 ...
2018-04-18 11:11:42,160 - INFO - Simulation 9000 out of 10000 ...
2018-04-18 11:19:17,155 - INFO - Simulation 9100 out of 10000 ...
2018-04-18 11:26:50,067 - INFO - Simulation 9200 out of 10000 ...
2018-04-18 11:34:20,464 - INFO - Simulation 9300 out of 10000 ...
2018-04-18 11:41:51,291 - INFO - Simulation 9400 out of 10000 ...
2018-04-18 11:49:16,093 - INFO - Simulation 9500 out of 10000 ...
2018-04-18 11:56:54,747 - INFO - Simulation 9600 out of 10000 ...
2018-04-18 12:04:28,870 - INFO - Simulation 9700 out of 10000 ...
2018-04-18 12:11:53,757 - INFO - Simulation 9800 out of 10000 ...
2018-04-18 12:19:30,625 - INFO - Simulation 9900 out of 10000 ...
2018-04-18 12:27:16,273 - INFO - Simulation 10000 out of 10000 ...
2018-04-18 12:27:20,989 - INFO - Calculating p. values for 8831 betas ...
2018-04-18 12:27:27,689 - INFO - Calculated p. values for 100 out of 8831 betas ...
2018-04-18 12:27:34,482 - INFO - Calculated p. values for 200 out of 8831 betas ...
2018-04-18 12:27:41,300 - INFO - Calculated p. values for 300 out of 8831 betas ...
2018-04-18 12:27:48,073 - INFO - Calculated p. values for 400 out of 8831 betas ...
2018-04-18 12:27:54,874 - INFO - Calculated p. values for 500 out of 8831 betas ...
2018-04-18 12:28:01,682 - INFO - Calculated p. values for 600 out of 8831 betas ...
2018-04-18 12:28:08,470 - INFO - Calculated p. values for 700 out of 8831 betas ...
2018-04-18 12:28:15,284 - INFO - Calculated p. values for 800 out of 8831 betas ...
2018-04-18 12:28:22,060 - INFO - Calculated p. values for 900 out of 8831 betas ...
2018-04-18 12:28:28,900 - INFO - Calculated p. values for 1000 out of 8831 betas ...
2018-04-18 12:28:35,753 - INFO - Calculated p. values for 1100 out of 8831 betas ...
2018-04-18 12:28:42,593 - INFO - Calculated p. values for 1200 out of 8831 betas ...
2018-04-18 12:28:49,410 - INFO - Calculated p. values for 1300 out of 8831 betas ...
2018-04-18 12:28:56,206 - INFO - Calculated p. values for 1400 out of 8831 betas ...
2018-04-18 12:29:03,093 - INFO - Calculated p. values for 1500 out of 8831 betas ...
2018-04-18 12:29:09,927 - INFO - Calculated p. values for 1600 out of 8831 betas ...
2018-04-18 12:29:16,724 - INFO - Calculated p. values for 1700 out of 8831 betas ...
2018-04-18 12:29:23,559 - INFO - Calculated p. values for 1800 out of 8831 betas ...
2018-04-18 12:29:30,350 - INFO - Calculated p. values for 1900 out of 8831 betas ...
2018-04-18 12:29:37,129 - INFO - Calculated p. values for 2000 out of 8831 betas ...
2018-04-18 12:29:43,986 - INFO - Calculated p. values for 2100 out of 8831 betas ...
2018-04-18 12:29:50,776 - INFO - Calculated p. values for 2200 out of 8831 betas ...
2018-04-18 12:29:57,631 - INFO - Calculated p. values for 2300 out of 8831 betas ...
2018-04-18 12:30:04,477 - INFO - Calculated p. values for 2400 out of 8831 betas ...
2018-04-18 12:30:11,315 - INFO - Calculated p. values for 2500 out of 8831 betas ...
2018-04-18 12:30:18,240 - INFO - Calculated p. values for 2600 out of 8831 betas ...
2018-04-18 12:30:25,075 - INFO - Calculated p. values for 2700 out of 8831 betas ...
2018-04-18 12:30:31,814 - INFO - Calculated p. values for 2800 out of 8831 betas ...
2018-04-18 12:30:38,693 - INFO - Calculated p. values for 2900 out of 8831 betas ...
2018-04-18 12:30:45,492 - INFO - Calculated p. values for 3000 out of 8831 betas ...
2018-04-18 12:30:52,345 - INFO - Calculated p. values for 3100 out of 8831 betas ...
2018-04-18 12:30:59,134 - INFO - Calculated p. values for 3200 out of 8831 betas ...
2018-04-18 12:31:05,927 - INFO - Calculated p. values for 3300 out of 8831 betas ...
2018-04-18 12:31:12,738 - INFO - Calculated p. values for 3400 out of 8831 betas ...
2018-04-18 12:31:19,549 - INFO - Calculated p. values for 3500 out of 8831 betas ...
2018-04-18 12:31:26,417 - INFO - Calculated p. values for 3600 out of 8831 betas ...
2018-04-18 12:31:31,987 - INFO - Calculated p. values for 3700 out of 8831 betas ...
2018-04-18 12:31:37,280 - INFO - Calculated p. values for 3800 out of 8831 betas ...
2018-04-18 12:31:44,573 - INFO - Calculated p. values for 3900 out of 8831 betas ...
2018-04-18 12:31:49,889 - INFO - Calculated p. values for 4000 out of 8831 betas ...
2018-04-18 12:31:55,252 - INFO - Calculated p. values for 4100 out of 8831 betas ...
2018-04-18 12:32:00,666 - INFO - Calculated p. values for 4200 out of 8831 betas ...
2018-04-18 12:32:06,111 - INFO - Calculated p. values for 4300 out of 8831 betas ...
2018-04-18 12:32:11,505 - INFO - Calculated p. values for 4400 out of 8831 betas ...
2018-04-18 12:32:17,473 - INFO - Calculated p. values for 4500 out of 8831 betas ...
2018-04-18 12:32:22,915 - INFO - Calculated p. values for 4600 out of 8831 betas ...
2018-04-18 12:32:28,370 - INFO - Calculated p. values for 4700 out of 8831 betas ...
2018-04-18 12:32:33,618 - INFO - Calculated p. values for 4800 out of 8831 betas ...
2018-04-18 12:32:38,821 - INFO - Calculated p. values for 4900 out of 8831 betas ...
2018-04-18 12:32:43,946 - INFO - Calculated p. values for 5000 out of 8831 betas ...
2018-04-18 12:32:49,014 - INFO - Calculated p. values for 5100 out of 8831 betas ...
2018-04-18 12:32:54,091 - INFO - Calculated p. values for 5200 out of 8831 betas ...
2018-04-18 12:32:59,216 - INFO - Calculated p. values for 5300 out of 8831 betas ...
2018-04-18 12:33:04,332 - INFO - Calculated p. values for 5400 out of 8831 betas ...
2018-04-18 12:33:09,398 - INFO - Calculated p. values for 5500 out of 8831 betas ...
2018-04-18 12:33:14,460 - INFO - Calculated p. values for 5600 out of 8831 betas ...
2018-04-18 12:33:19,587 - INFO - Calculated p. values for 5700 out of 8831 betas ...
2018-04-18 12:33:24,660 - INFO - Calculated p. values for 5800 out of 8831 betas ...
2018-04-18 12:33:29,806 - INFO - Calculated p. values for 5900 out of 8831 betas ...
2018-04-18 12:33:34,891 - INFO - Calculated p. values for 6000 out of 8831 betas ...
2018-04-18 12:33:39,962 - INFO - Calculated p. values for 6100 out of 8831 betas ...
2018-04-18 12:33:45,042 - INFO - Calculated p. values for 6200 out of 8831 betas ...
2018-04-18 12:33:50,115 - INFO - Calculated p. values for 6300 out of 8831 betas ...
2018-04-18 12:33:55,251 - INFO - Calculated p. values for 6400 out of 8831 betas ...
2018-04-18 12:34:05,886 - INFO - Calculated p. values for 6500 out of 8831 betas ...
2018-04-18 12:34:10,998 - INFO - Calculated p. values for 6600 out of 8831 betas ...
2018-04-18 12:34:16,104 - INFO - Calculated p. values for 6700 out of 8831 betas ...
2018-04-18 12:34:21,237 - INFO - Calculated p. values for 6800 out of 8831 betas ...
2018-04-18 12:34:26,329 - INFO - Calculated p. values for 6900 out of 8831 betas ...
2018-04-18 12:34:31,408 - INFO - Calculated p. values for 7000 out of 8831 betas ...
2018-04-18 12:34:36,486 - INFO - Calculated p. values for 7100 out of 8831 betas ...
2018-04-18 12:34:41,562 - INFO - Calculated p. values for 7200 out of 8831 betas ...
2018-04-18 12:34:46,693 - INFO - Calculated p. values for 7300 out of 8831 betas ...
2018-04-18 12:34:51,772 - INFO - Calculated p. values for 7400 out of 8831 betas ...
2018-04-18 12:34:56,864 - INFO - Calculated p. values for 7500 out of 8831 betas ...
2018-04-18 12:35:01,950 - INFO - Calculated p. values for 7600 out of 8831 betas ...
2018-04-18 12:35:07,139 - INFO - Calculated p. values for 7700 out of 8831 betas ...
2018-04-18 12:35:13,046 - INFO - Calculated p. values for 7800 out of 8831 betas ...
2018-04-18 12:35:18,136 - INFO - Calculated p. values for 7900 out of 8831 betas ...
2018-04-18 12:35:23,196 - INFO - Calculated p. values for 8000 out of 8831 betas ...
2018-04-18 12:35:28,276 - INFO - Calculated p. values for 8100 out of 8831 betas ...
2018-04-18 12:35:33,353 - INFO - Calculated p. values for 8200 out of 8831 betas ...
2018-04-18 12:35:38,411 - INFO - Calculated p. values for 8300 out of 8831 betas ...
2018-04-18 12:35:43,544 - INFO - Calculated p. values for 8400 out of 8831 betas ...
2018-04-18 12:35:48,614 - INFO - Calculated p. values for 8500 out of 8831 betas ...
2018-04-18 12:35:53,690 - INFO - Calculated p. values for 8600 out of 8831 betas ...
2018-04-18 12:35:58,830 - INFO - Calculated p. values for 8700 out of 8831 betas ...
2018-04-18 12:36:03,926 - INFO - Calculated p. values for 8800 out of 8831 betas ...
2018-04-18 12:36:05,586 - INFO - Calculated p. values for 8831 out of 8831 betas ...
2018-04-18 12:36:06,618 - INFO - Estimating statistical power for 100 out of 8831 units ...
2018-04-18 12:36:07,570 - INFO - Estimating statistical power for 200 out of 8831 units ...
2018-04-18 12:36:08,438 - INFO - Estimating statistical power for 300 out of 8831 units ...
2018-04-18 12:36:11,940 - INFO - Estimating statistical power for 400 out of 8831 units ...
2018-04-18 12:36:12,795 - INFO - Estimating statistical power for 500 out of 8831 units ...
2018-04-18 12:36:13,714 - INFO - Estimating statistical power for 600 out of 8831 units ...
2018-04-18 12:36:14,677 - INFO - Estimating statistical power for 700 out of 8831 units ...
2018-04-18 12:36:15,649 - INFO - Estimating statistical power for 800 out of 8831 units ...
2018-04-18 12:36:16,604 - INFO - Estimating statistical power for 900 out of 8831 units ...
2018-04-18 12:36:17,532 - INFO - Estimating statistical power for 1000 out of 8831 units ...
2018-04-18 12:36:18,486 - INFO - Estimating statistical power for 1100 out of 8831 units ...
2018-04-18 12:36:19,420 - INFO - Estimating statistical power for 1200 out of 8831 units ...
2018-04-18 12:36:20,325 - INFO - Estimating statistical power for 1300 out of 8831 units ...
2018-04-18 12:36:21,283 - INFO - Estimating statistical power for 1400 out of 8831 units ...
2018-04-18 12:36:22,240 - INFO - Estimating statistical power for 1500 out of 8831 units ...
2018-04-18 12:36:23,237 - INFO - Estimating statistical power for 1600 out of 8831 units ...
2018-04-18 12:36:24,270 - INFO - Estimating statistical power for 1700 out of 8831 units ...
2018-04-18 12:36:26,568 - INFO - Estimating statistical power for 1800 out of 8831 units ...
2018-04-18 12:36:27,588 - INFO - Estimating statistical power for 1900 out of 8831 units ...
2018-04-18 12:36:28,596 - INFO - Estimating statistical power for 2000 out of 8831 units ...
2018-04-18 12:36:29,530 - INFO - Estimating statistical power for 2100 out of 8831 units ...
2018-04-18 12:36:30,449 - INFO - Estimating statistical power for 2200 out of 8831 units ...
2018-04-18 12:36:31,289 - INFO - Estimating statistical power for 2300 out of 8831 units ...
2018-04-18 12:36:32,168 - INFO - Estimating statistical power for 2400 out of 8831 units ...
2018-04-18 12:36:33,128 - INFO - Estimating statistical power for 2500 out of 8831 units ...
2018-04-18 12:36:34,193 - INFO - Estimating statistical power for 2600 out of 8831 units ...
2018-04-18 12:36:35,160 - INFO - Estimating statistical power for 2700 out of 8831 units ...
2018-04-18 12:36:36,028 - INFO - Estimating statistical power for 2800 out of 8831 units ...
2018-04-18 12:36:36,878 - INFO - Estimating statistical power for 2900 out of 8831 units ...
2018-04-18 12:36:37,868 - INFO - Estimating statistical power for 3000 out of 8831 units ...
2018-04-18 12:36:38,922 - INFO - Estimating statistical power for 3100 out of 8831 units ...
2018-04-18 12:36:39,949 - INFO - Estimating statistical power for 3200 out of 8831 units ...
2018-04-18 12:36:40,981 - INFO - Estimating statistical power for 3300 out of 8831 units ...
2018-04-18 12:36:42,047 - INFO - Estimating statistical power for 3400 out of 8831 units ...
2018-04-18 12:36:43,081 - INFO - Estimating statistical power for 3500 out of 8831 units ...
2018-04-18 12:36:44,111 - INFO - Estimating statistical power for 3600 out of 8831 units ...
2018-04-18 12:36:45,133 - INFO - Estimating statistical power for 3700 out of 8831 units ...
2018-04-18 12:36:46,185 - INFO - Estimating statistical power for 3800 out of 8831 units ...
2018-04-18 12:36:47,258 - INFO - Estimating statistical power for 3900 out of 8831 units ...
2018-04-18 12:36:48,293 - INFO - Estimating statistical power for 4000 out of 8831 units ...
2018-04-18 12:36:49,378 - INFO - Estimating statistical power for 4100 out of 8831 units ...
2018-04-18 12:36:50,467 - INFO - Estimating statistical power for 4200 out of 8831 units ...
2018-04-18 12:36:51,567 - INFO - Estimating statistical power for 4300 out of 8831 units ...
2018-04-18 12:36:52,576 - INFO - Estimating statistical power for 4400 out of 8831 units ...
2018-04-18 12:36:53,613 - INFO - Estimating statistical power for 4500 out of 8831 units ...
2018-04-18 12:36:54,628 - INFO - Estimating statistical power for 4600 out of 8831 units ...
2018-04-18 12:36:58,222 - INFO - Estimating statistical power for 4700 out of 8831 units ...
2018-04-18 12:36:59,249 - INFO - Estimating statistical power for 4800 out of 8831 units ...
2018-04-18 12:37:00,262 - INFO - Estimating statistical power for 4900 out of 8831 units ...
2018-04-18 12:37:01,241 - INFO - Estimating statistical power for 5000 out of 8831 units ...
2018-04-18 12:37:02,200 - INFO - Estimating statistical power for 5100 out of 8831 units ...
2018-04-18 12:37:03,254 - INFO - Estimating statistical power for 5200 out of 8831 units ...
2018-04-18 12:37:04,184 - INFO - Estimating statistical power for 5300 out of 8831 units ...
2018-04-18 12:37:05,038 - INFO - Estimating statistical power for 5400 out of 8831 units ...
2018-04-18 12:37:05,931 - INFO - Estimating statistical power for 5500 out of 8831 units ...
2018-04-18 12:37:06,856 - INFO - Estimating statistical power for 5600 out of 8831 units ...
2018-04-18 12:37:07,758 - INFO - Estimating statistical power for 5700 out of 8831 units ...
2018-04-18 12:37:08,625 - INFO - Estimating statistical power for 5800 out of 8831 units ...
2018-04-18 12:37:09,567 - INFO - Estimating statistical power for 5900 out of 8831 units ...
2018-04-18 12:37:10,441 - INFO - Estimating statistical power for 6000 out of 8831 units ...
2018-04-18 12:37:11,324 - INFO - Estimating statistical power for 6100 out of 8831 units ...
2018-04-18 12:37:12,235 - INFO - Estimating statistical power for 6200 out of 8831 units ...
2018-04-18 12:37:13,154 - INFO - Estimating statistical power for 6300 out of 8831 units ...
2018-04-18 12:37:14,075 - INFO - Estimating statistical power for 6400 out of 8831 units ...
2018-04-18 12:37:14,933 - INFO - Estimating statistical power for 6500 out of 8831 units ...
2018-04-18 12:37:15,811 - INFO - Estimating statistical power for 6600 out of 8831 units ...
2018-04-18 12:37:16,815 - INFO - Estimating statistical power for 6700 out of 8831 units ...
2018-04-18 12:37:17,795 - INFO - Estimating statistical power for 6800 out of 8831 units ...
2018-04-18 12:37:18,725 - INFO - Estimating statistical power for 6900 out of 8831 units ...
2018-04-18 12:37:19,675 - INFO - Estimating statistical power for 7000 out of 8831 units ...
2018-04-18 12:37:20,701 - INFO - Estimating statistical power for 7100 out of 8831 units ...
2018-04-18 12:37:21,728 - INFO - Estimating statistical power for 7200 out of 8831 units ...
2018-04-18 12:37:22,727 - INFO - Estimating statistical power for 7300 out of 8831 units ...
2018-04-18 12:37:23,711 - INFO - Estimating statistical power for 7400 out of 8831 units ...
2018-04-18 12:37:24,745 - INFO - Estimating statistical power for 7500 out of 8831 units ...
2018-04-18 12:37:25,764 - INFO - Estimating statistical power for 7600 out of 8831 units ...
2018-04-18 12:37:26,737 - INFO - Estimating statistical power for 7700 out of 8831 units ...
2018-04-18 12:37:27,778 - INFO - Estimating statistical power for 7800 out of 8831 units ...
2018-04-18 12:37:28,777 - INFO - Estimating statistical power for 7900 out of 8831 units ...
2018-04-18 12:37:29,872 - INFO - Estimating statistical power for 8000 out of 8831 units ...
2018-04-18 12:37:30,921 - INFO - Estimating statistical power for 8100 out of 8831 units ...
2018-04-18 12:37:31,955 - INFO - Estimating statistical power for 8200 out of 8831 units ...
2018-04-18 12:37:32,983 - INFO - Estimating statistical power for 8300 out of 8831 units ...
2018-04-18 12:37:33,986 - INFO - Estimating statistical power for 8400 out of 8831 units ...
2018-04-18 12:37:35,052 - INFO - Estimating statistical power for 8500 out of 8831 units ...
2018-04-18 12:37:35,990 - INFO - Estimating statistical power for 8600 out of 8831 units ...
2018-04-18 12:37:36,941 - INFO - Estimating statistical power for 8700 out of 8831 units ...
2018-04-18 12:37:37,865 - INFO - Estimating statistical power for 8800 out of 8831 units ...
2018-04-18 12:37:38,126 - INFO - Estimating statistical power for 8831 out of 8831 units ...
2018-04-18 12:37:40,978 - INFO - Calculated statistical power for 100 out of 8831 betas ...
2018-04-18 12:37:43,894 - INFO - Calculated statistical power for 200 out of 8831 betas ...
2018-04-18 12:37:46,832 - INFO - Calculated statistical power for 300 out of 8831 betas ...
2018-04-18 12:37:49,720 - INFO - Calculated statistical power for 400 out of 8831 betas ...
2018-04-18 12:37:52,656 - INFO - Calculated statistical power for 500 out of 8831 betas ...
2018-04-18 12:37:55,558 - INFO - Calculated statistical power for 600 out of 8831 betas ...
2018-04-18 12:37:58,435 - INFO - Calculated statistical power for 700 out of 8831 betas ...
2018-04-18 12:38:01,318 - INFO - Calculated statistical power for 800 out of 8831 betas ...
2018-04-18 12:38:04,184 - INFO - Calculated statistical power for 900 out of 8831 betas ...
2018-04-18 12:38:07,079 - INFO - Calculated statistical power for 1000 out of 8831 betas ...
2018-04-18 12:38:09,962 - INFO - Calculated statistical power for 1100 out of 8831 betas ...
2018-04-18 12:38:12,848 - INFO - Calculated statistical power for 1200 out of 8831 betas ...
2018-04-18 12:38:15,728 - INFO - Calculated statistical power for 1300 out of 8831 betas ...
2018-04-18 12:38:18,599 - INFO - Calculated statistical power for 1400 out of 8831 betas ...
2018-04-18 12:38:21,480 - INFO - Calculated statistical power for 1500 out of 8831 betas ...
2018-04-18 12:38:24,361 - INFO - Calculated statistical power for 1600 out of 8831 betas ...
2018-04-18 12:38:27,240 - INFO - Calculated statistical power for 1700 out of 8831 betas ...
2018-04-18 12:38:30,136 - INFO - Calculated statistical power for 1800 out of 8831 betas ...
2018-04-18 12:38:33,044 - INFO - Calculated statistical power for 1900 out of 8831 betas ...
2018-04-18 12:38:35,944 - INFO - Calculated statistical power for 2000 out of 8831 betas ...
2018-04-18 12:38:38,949 - INFO - Calculated statistical power for 2100 out of 8831 betas ...
2018-04-18 12:38:41,862 - INFO - Calculated statistical power for 2200 out of 8831 betas ...
2018-04-18 12:38:44,730 - INFO - Calculated statistical power for 2300 out of 8831 betas ...
2018-04-18 12:38:47,607 - INFO - Calculated statistical power for 2400 out of 8831 betas ...
2018-04-18 12:38:50,539 - INFO - Calculated statistical power for 2500 out of 8831 betas ...
2018-04-18 12:38:53,420 - INFO - Calculated statistical power for 2600 out of 8831 betas ...
2018-04-18 12:38:56,288 - INFO - Calculated statistical power for 2700 out of 8831 betas ...
2018-04-18 12:38:59,151 - INFO - Calculated statistical power for 2800 out of 8831 betas ...
2018-04-18 12:39:02,015 - INFO - Calculated statistical power for 2900 out of 8831 betas ...
2018-04-18 12:39:04,884 - INFO - Calculated statistical power for 3000 out of 8831 betas ...
2018-04-18 12:39:07,754 - INFO - Calculated statistical power for 3100 out of 8831 betas ...
2018-04-18 12:39:10,632 - INFO - Calculated statistical power for 3200 out of 8831 betas ...
2018-04-18 12:39:13,510 - INFO - Calculated statistical power for 3300 out of 8831 betas ...
2018-04-18 12:39:16,403 - INFO - Calculated statistical power for 3400 out of 8831 betas ...
2018-04-18 12:39:19,275 - INFO - Calculated statistical power for 3500 out of 8831 betas ...
2018-04-18 12:39:22,157 - INFO - Calculated statistical power for 3600 out of 8831 betas ...
2018-04-18 12:39:25,030 - INFO - Calculated statistical power for 3700 out of 8831 betas ...
2018-04-18 12:39:27,903 - INFO - Calculated statistical power for 3800 out of 8831 betas ...
2018-04-18 12:39:30,775 - INFO - Calculated statistical power for 3900 out of 8831 betas ...
2018-04-18 12:39:33,730 - INFO - Calculated statistical power for 4000 out of 8831 betas ...
2018-04-18 12:39:36,695 - INFO - Calculated statistical power for 4100 out of 8831 betas ...
2018-04-18 12:39:39,574 - INFO - Calculated statistical power for 4200 out of 8831 betas ...
2018-04-18 12:39:42,452 - INFO - Calculated statistical power for 4300 out of 8831 betas ...
2018-04-18 12:39:45,344 - INFO - Calculated statistical power for 4400 out of 8831 betas ...
2018-04-18 12:39:48,224 - INFO - Calculated statistical power for 4500 out of 8831 betas ...
2018-04-18 12:39:51,102 - INFO - Calculated statistical power for 4600 out of 8831 betas ...
2018-04-18 12:39:53,973 - INFO - Calculated statistical power for 4700 out of 8831 betas ...
2018-04-18 12:39:56,903 - INFO - Calculated statistical power for 4800 out of 8831 betas ...
2018-04-18 12:39:59,810 - INFO - Calculated statistical power for 4900 out of 8831 betas ...
2018-04-18 12:40:02,686 - INFO - Calculated statistical power for 5000 out of 8831 betas ...
2018-04-18 12:40:05,555 - INFO - Calculated statistical power for 5100 out of 8831 betas ...
2018-04-18 12:40:08,437 - INFO - Calculated statistical power for 5200 out of 8831 betas ...
2018-04-18 12:40:11,319 - INFO - Calculated statistical power for 5300 out of 8831 betas ...
2018-04-18 12:40:14,199 - INFO - Calculated statistical power for 5400 out of 8831 betas ...
2018-04-18 12:40:17,072 - INFO - Calculated statistical power for 5500 out of 8831 betas ...
2018-04-18 12:40:19,954 - INFO - Calculated statistical power for 5600 out of 8831 betas ...
2018-04-18 12:40:22,829 - INFO - Calculated statistical power for 5700 out of 8831 betas ...
2018-04-18 12:40:25,743 - INFO - Calculated statistical power for 5800 out of 8831 betas ...
2018-04-18 12:40:28,651 - INFO - Calculated statistical power for 5900 out of 8831 betas ...
2018-04-18 12:40:31,542 - INFO - Calculated statistical power for 6000 out of 8831 betas ...
2018-04-18 12:40:34,433 - INFO - Calculated statistical power for 6100 out of 8831 betas ...
2018-04-18 12:40:37,310 - INFO - Calculated statistical power for 6200 out of 8831 betas ...
2018-04-18 12:40:40,194 - INFO - Calculated statistical power for 6300 out of 8831 betas ...
2018-04-18 12:40:43,119 - INFO - Calculated statistical power for 6400 out of 8831 betas ...
2018-04-18 12:40:46,030 - INFO - Calculated statistical power for 6500 out of 8831 betas ...
2018-04-18 12:40:48,918 - INFO - Calculated statistical power for 6600 out of 8831 betas ...
2018-04-18 12:40:51,846 - INFO - Calculated statistical power for 6700 out of 8831 betas ...
2018-04-18 12:40:54,723 - INFO - Calculated statistical power for 6800 out of 8831 betas ...
2018-04-18 12:40:57,611 - INFO - Calculated statistical power for 6900 out of 8831 betas ...
2018-04-18 12:41:00,479 - INFO - Calculated statistical power for 7000 out of 8831 betas ...
2018-04-18 12:41:03,359 - INFO - Calculated statistical power for 7100 out of 8831 betas ...
2018-04-18 12:41:06,240 - INFO - Calculated statistical power for 7200 out of 8831 betas ...
2018-04-18 12:41:09,116 - INFO - Calculated statistical power for 7300 out of 8831 betas ...
2018-04-18 12:41:11,989 - INFO - Calculated statistical power for 7400 out of 8831 betas ...
2018-04-18 12:41:14,859 - INFO - Calculated statistical power for 7500 out of 8831 betas ...
2018-04-18 12:41:17,742 - INFO - Calculated statistical power for 7600 out of 8831 betas ...
2018-04-18 12:41:20,701 - INFO - Calculated statistical power for 7700 out of 8831 betas ...
2018-04-18 12:41:23,572 - INFO - Calculated statistical power for 7800 out of 8831 betas ...
2018-04-18 12:41:26,453 - INFO - Calculated statistical power for 7900 out of 8831 betas ...
2018-04-18 12:41:29,328 - INFO - Calculated statistical power for 8000 out of 8831 betas ...
2018-04-18 12:41:32,201 - INFO - Calculated statistical power for 8100 out of 8831 betas ...
2018-04-18 12:41:35,083 - INFO - Calculated statistical power for 8200 out of 8831 betas ...
2018-04-18 12:41:38,035 - INFO - Calculated statistical power for 8300 out of 8831 betas ...
2018-04-18 12:41:40,903 - INFO - Calculated statistical power for 8400 out of 8831 betas ...
2018-04-18 12:41:43,865 - INFO - Calculated statistical power for 8500 out of 8831 betas ...
2018-04-18 12:41:46,741 - INFO - Calculated statistical power for 8600 out of 8831 betas ...
2018-04-18 12:41:49,618 - INFO - Calculated statistical power for 8700 out of 8831 betas ...
2018-04-18 12:41:52,488 - INFO - Calculated statistical power for 8800 out of 8831 betas ...
2018-04-18 12:41:57,871 - INFO - Finished simulations to assess statistical significance of deconvolution profile ...
2018-04-18 12:42:01,414 - INFO - Successfully updated sgRNA summary table ...
2018-04-18 12:42:01,518 - INFO - Successfully created beta profile file ...
2018-04-18 12:42:01,607 - INFO - Successfully created significant regions file ...
2018-04-18 12:42:03,716 - INFO - Successfully created IGV tracks ...
